#
# There is insufficient memory for the Java Runtime Environment to continue.
# Native memory allocation (mmap) failed to map 132120576 bytes for G1 virtual space
# Possible reasons:
#   The system is out of physical RAM or swap space
#   The process is running with CompressedOops enabled, and the Java Heap may be blocking the growth of the native heap
# Possible solutions:
#   Reduce memory load on the system
#   Increase physical memory or swap space
#   Check if swap backing store is full
#   Decrease Java heap size (-Xmx/-Xms)
#   Decrease number of Java threads
#   Decrease Java thread stack sizes (-Xss)
#   Set larger code cache with -XX:ReservedCodeCacheSize=
#   JVM is running with Unscaled Compressed Oops mode in which the Java heap is
#     placed in the first 4GB address space. The Java Heap base address is the
#     maximum limit for the native heap growth. Please use -XX:HeapBaseMinAddress
#     to set the Java Heap base and to place the Java Heap above 4GB virtual address.
# This output file may be truncated or incomplete.
#
#  Out of Memory Error (os_windows.cpp:3536), pid=3756, tid=13944
#
# JRE version:  (19.0.2+7) (build )
# Java VM: OpenJDK 64-Bit Server VM (19.0.2+7-FR, mixed mode, sharing, tiered, compressed oops, compressed class ptrs, g1 gc, windows-amd64)
# No core dump will be written. Minidumps are not enabled by default on client versions of Windows
#

---------------  S U M M A R Y ------------

Command Line: -Dfile.encoding=windows-1252 -Duser.country=US -Duser.language=en -Duser.variant com.example.demo.database.DataConnect

Host: Intel(R) Core(TM) i5-10300H CPU @ 2.50GHz, 8 cores, 7G,  Windows 10 , 64 bit Build 19041 (10.0.19041.1503)
Time: Mon Aug  5 01:09:43 2024 SE Asia Standard Time elapsed time: 0.005494 seconds (0d 0h 0m 0s)

---------------  T H R E A D  ---------------

Current thread (0x000002687afd1fa0):  JavaThread "Unknown thread" [_thread_in_vm, id=13944, stack(0x000000ed2d700000,0x000000ed2d800000)]

Stack: [0x000000ed2d700000,0x000000ed2d800000]
Native frames: (J=compiled Java code, j=interpreted, Vv=VM code, C=native code)
V  [jvm.dll+0x6d034a]
V  [jvm.dll+0x880f10]
V  [jvm.dll+0x88289e]
V  [jvm.dll+0x882f43]
V  [jvm.dll+0x27b4bb]
V  [jvm.dll+0x6cd13a]
V  [jvm.dll+0x6c1d3a]
V  [jvm.dll+0x351969]
V  [jvm.dll+0x359076]
V  [jvm.dll+0x3ad28a]
V  [jvm.dll+0x3ad4cf]
V  [jvm.dll+0x3261ea]
V  [jvm.dll+0x3270a2]
V  [jvm.dll+0x84d530]
V  [jvm.dll+0x3ba241]
V  [jvm.dll+0x82f013]
V  [jvm.dll+0x43a3c3]
V  [jvm.dll+0x43bdf1]
C  [jli.dll+0x519f]
C  [ucrtbase.dll+0x21bb2]
C  [KERNEL32.DLL+0x17034]
C  [ntdll.dll+0x52651]


---------------  P R O C E S S  ---------------

Threads class SMR info:
_java_thread_list=0x00007ffbd75bace8, length=0, elements={
}

Java Threads: ( => current thread )

Other Threads:
  0x000002687b034920 WorkerThread "GC Thread#0" [stack: 0x000000ed2d800000,0x000000ed2d900000] [id=2656]
  0x000002687b0453a0 ConcurrentGCThread "G1 Main Marker" [stack: 0x000000ed2d900000,0x000000ed2da00000] [id=13200]
  0x000002687b046de0 WorkerThread "G1 Conc#0" [stack: 0x000000ed2da00000,0x000000ed2db00000] [id=8268]

[error occurred during error reporting (printing all threads), id 0xc0000005, EXCEPTION_ACCESS_VIOLATION (0xc0000005) at pc=0x00007ffbd6d575f7]

VM state: not at safepoint (not fully initialized)

VM Mutex/Monitor currently owned by a thread:  ([mutex/lock_event])
[0x000002687afcf2c0] Heap_lock - owner thread: 0x000002687afd1fa0

Heap address: 0x0000000083400000, size: 1996 MB, Compressed Oops mode: 32-bit

CDS archive(s) mapped at: [0x0000000000000000-0x0000000000000000-0x0000000000000000), size 0, SharedBaseAddress: 0x0000000800000000, ArchiveRelocationMode: 0.
Narrow klass base: 0x0000000000000000, Narrow klass shift: 0, Narrow klass range: 0x0

GC Precious Log:
 CardTable entry size: 512
 Card Set container configuration: InlinePtr #cards 5 size 8 Array Of Cards #cards 12 size 40 Howl #buckets 4 coarsen threshold 1843 Howl Bitmap #cards 512 size 80 coarsen threshold 460 Card regions per heap region 1 cards per card region 2048

Heap:
 garbage-first heap   total 0K, used 0K [0x0000000083400000, 0x0000000100000000)
  region size 1024K, 0 young (0K), 0 survivors (0K)

[error occurred during error reporting (printing heap information), id 0xc0000005, EXCEPTION_ACCESS_VIOLATION (0xc0000005) at pc=0x00007ffbd7148059]

GC Heap History (0 events):
No events

Dll operation events (1 events):
Event: 0.003 Loaded shared library C:\Users\Admin\.jdks\corretto-19.0.2\bin\java.dll

Deoptimization events (0 events):
No events

Classes loaded (0 events):
No events

Classes unloaded (0 events):
No events

Classes redefined (0 events):
No events

Internal exceptions (0 events):
No events

VM Operations (0 events):
No events

Events (0 events):
No events


Dynamic libraries:
0x00007ff6b7bf0000 - 0x00007ff6b7bfd000 	C:\Users\Admin\.jdks\corretto-19.0.2\bin\java.exe
0x00007ffc482f0000 - 0x00007ffc484e5000 	C:\Windows\SYSTEM32\ntdll.dll
0x00007ffc47bd0000 - 0x00007ffc47c8e000 	C:\Windows\System32\KERNEL32.DLL
0x00007ffc45b20000 - 0x00007ffc45de8000 	C:\Windows\System32\KERNELBASE.dll
0x00007ffc461a0000 - 0x00007ffc462a0000 	C:\Windows\System32\ucrtbase.dll
0x00007ffc31d60000 - 0x00007ffc31d77000 	C:\Users\Admin\.jdks\corretto-19.0.2\bin\jli.dll
0x00007ffc31d80000 - 0x00007ffc31d95000 	C:\Users\Admin\.jdks\corretto-19.0.2\bin\VCRUNTIME140.dll
0x00007ffc47620000 - 0x00007ffc477c0000 	C:\Windows\System32\USER32.dll
0x00007ffc45aa0000 - 0x00007ffc45ac2000 	C:\Windows\System32\win32u.dll
0x00007ffc2b220000 - 0x00007ffc2b4ba000 	C:\Windows\WinSxS\amd64_microsoft.windows.common-controls_6595b64144ccf1df_6.0.19041.1110_none_60b5254171f9507e\COMCTL32.dll
0x00007ffc477c0000 - 0x00007ffc477eb000 	C:\Windows\System32\GDI32.dll
0x00007ffc47e20000 - 0x00007ffc47ebe000 	C:\Windows\System32\msvcrt.dll
0x00007ffc45e80000 - 0x00007ffc45f8d000 	C:\Windows\System32\gdi32full.dll
0x00007ffc462a0000 - 0x00007ffc4633d000 	C:\Windows\System32\msvcp_win.dll
0x00007ffc475f0000 - 0x00007ffc47620000 	C:\Windows\System32\IMM32.DLL
0x00007ffc0acd0000 - 0x00007ffc0ad6b000 	C:\Users\Admin\.jdks\corretto-19.0.2\bin\msvcp140.dll
0x00007ffbd6a20000 - 0x00007ffbd76f9000 	C:\Users\Admin\.jdks\corretto-19.0.2\bin\server\jvm.dll
0x00007ffc480d0000 - 0x00007ffc4817e000 	C:\Windows\System32\ADVAPI32.dll
0x00007ffc47440000 - 0x00007ffc474dc000 	C:\Windows\System32\sechost.dll
0x00007ffc48180000 - 0x00007ffc482a5000 	C:\Windows\System32\RPCRT4.dll
0x00007ffc24630000 - 0x00007ffc24639000 	C:\Windows\SYSTEM32\WSOCK32.dll
0x00007ffc3a5f0000 - 0x00007ffc3a5fa000 	C:\Windows\SYSTEM32\VERSION.dll
0x00007ffc47d20000 - 0x00007ffc47d8b000 	C:\Windows\System32\WS2_32.dll
0x00007ffc26bb0000 - 0x00007ffc26bd7000 	C:\Windows\SYSTEM32\WINMM.dll
0x00007ffc44240000 - 0x00007ffc44252000 	C:\Windows\SYSTEM32\kernel.appcore.dll
0x00007ffc31e40000 - 0x00007ffc31e4a000 	C:\Users\Admin\.jdks\corretto-19.0.2\bin\jimage.dll
0x00007ffc43640000 - 0x00007ffc43824000 	C:\Windows\SYSTEM32\DBGHELP.DLL
0x00007ffc32130000 - 0x00007ffc3215c000 	C:\Windows\SYSTEM32\dbgcore.DLL
0x00007ffc45df0000 - 0x00007ffc45e72000 	C:\Windows\System32\bcryptPrimitives.dll
0x00007ffc31d30000 - 0x00007ffc31d56000 	C:\Users\Admin\.jdks\corretto-19.0.2\bin\java.dll

dbghelp: loaded successfully - version: 4.0.5 - missing functions: none
symbol engine: initialized successfully - sym options: 0x614 - pdb path: .;C:\Users\Admin\.jdks\corretto-19.0.2\bin;C:\Windows\SYSTEM32;C:\Windows\WinSxS\amd64_microsoft.windows.common-controls_6595b64144ccf1df_6.0.19041.1110_none_60b5254171f9507e;C:\Users\Admin\.jdks\corretto-19.0.2\bin\server

VM Arguments:
jvm_args: -Dfile.encoding=windows-1252 -Duser.country=US -Duser.language=en -Duser.variant 
java_command: com.example.demo.database.DataConnect
java_class_path (initial): D:\CaseModule3\demo\build\classes\java\main;D:\CaseModule3\demo\build\resources\main;C:\Users\Admin\.gradle\caches\modules-2\files-2.1\com.mysql\mysql-connector-j\8.0.33\9e64d997873abc4318620264703d3fdb6b02dd5a\mysql-connector-j-8.0.33.jar;C:\Users\Admin\.gradle\caches\modules-2\files-2.1\jstl\jstl\1.2\74aca283cd4f4b4f3e425f5820cda58f44409547\jstl-1.2.jar;C:\Users\Admin\.gradle\caches\modules-2\files-2.1\com.google.protobuf\protobuf-java\3.21.9\ed1240d9231044ce6ccf1978512f6e44416bb7e7\protobuf-java-3.21.9.jar
Launcher Type: SUN_STANDARD

[Global flags]
     intx CICompilerCount                          = 4                                         {product} {ergonomic}
     uint ConcGCThreads                            = 2                                         {product} {ergonomic}
     uint G1ConcRefinementThreads                  = 8                                         {product} {ergonomic}
   size_t G1HeapRegionSize                         = 1048576                                   {product} {ergonomic}
    uintx GCDrainStackTargetSize                   = 64                                        {product} {ergonomic}
   size_t InitialHeapSize                          = 132120576                                 {product} {ergonomic}
   size_t MarkStackSize                            = 4194304                                   {product} {ergonomic}
   size_t MaxHeapSize                              = 2092957696                                {product} {ergonomic}
   size_t MinHeapDeltaBytes                        = 1048576                                   {product} {ergonomic}
   size_t MinHeapSize                              = 8388608                                   {product} {ergonomic}
    uintx NonNMethodCodeHeapSize                   = 5839372                                {pd product} {ergonomic}
    uintx NonProfiledCodeHeapSize                  = 122909434                              {pd product} {ergonomic}
    uintx ProfiledCodeHeapSize                     = 122909434                              {pd product} {ergonomic}
    uintx ReservedCodeCacheSize                    = 251658240                              {pd product} {ergonomic}
     bool SegmentedCodeCache                       = true                                      {product} {ergonomic}
   size_t SoftMaxHeapSize                          = 2092957696                             {manageable} {ergonomic}
     bool UseCompressedClassPointers               = true                           {product lp64_product} {ergonomic}
     bool UseCompressedOops                        = true                           {product lp64_product} {ergonomic}
     bool UseG1GC                                  = true                                      {product} {ergonomic}
     bool UseLargePagesIndividualAllocation        = false                                  {pd product} {ergonomic}

Logging:
Log output configuration:
 #0: stdout all=warning uptime,level,tags foldmultilines=false
 #1: stderr all=off uptime,level,tags foldmultilines=false

Environment Variables:
JAVA_HOME=C:\Program Files\Java\jdk-17
PATH=C:\Program Files\Common Files\Oracle\Java\javapath;C:\Windows\system32;C:\Windows;C:\Windows\System32\Wbem;C:\Windows\System32\WindowsPowerShell\v1.0\;C:\Windows\System32\OpenSSH\;C:\Program Files\Git\cmd;C:\Program Files\MySQL\MySQL Server 8.0\bin;;C:\Program Files\Docker\Docker\resources\bin;C:\Program Files\dotnet\;C:\Users\Admin\AppData\Local\Microsoft\WindowsApps;C:\Users\Admin\AppData\Local\Programs\Microsoft VS Code\bin;D:\MYSQL\bin;
USERNAME=Admin
OS=Windows_NT
PROCESSOR_IDENTIFIER=Intel64 Family 6 Model 165 Stepping 2, GenuineIntel
TMP=C:\Users\Admin\AppData\Local\Temp
TEMP=C:\Users\Admin\AppData\Local\Temp



---------------  S Y S T E M  ---------------

OS:
 Windows 10 , 64 bit Build 19041 (10.0.19041.1503)
OS uptime: 0 days 1:24 hours
Hyper-V role detected

CPU: total 8 (initial active 8) (4 cores per cpu, 2 threads per core) family 6 model 165 stepping 2 microcode 0xc8, cx8, cmov, fxsr, ht, mmx, 3dnowpref, sse, sse2, sse3, ssse3, sse4.1, sse4.2, popcnt, lzcnt, tsc, tscinvbit, avx, avx2, aes, erms, clmul, bmi1, bmi2, adx, fma, vzeroupper, clflush, clflushopt, hv, rdtscp

Memory: 4k page, system-wide physical 7979M (1108M free)
TotalPageFile size 13099M (AvailPageFile size 31M)
current process WorkingSet (physical memory assigned to process): 10M, peak: 10M
current process commit charge ("private bytes"): 60M, peak: 186M

vm_info: OpenJDK 64-Bit Server VM (19.0.2+7-FR) for windows-amd64 JRE (19.0.2+7-FR), built on Jan 13 2023 22:53:32 by "Administrator" with MS VC++ 15.9 (VS2017)

END.
