#
# There is insufficient memory for the Java Runtime Environment to continue.
# Native memory allocation (malloc) failed to allocate 1817216 bytes for Chunk::new
# Possible reasons:
#   The system is out of physical RAM or swap space
#   The process is running with CompressedOops enabled, and the Java Heap may be blocking the growth of the native heap
# Possible solutions:
#   Reduce memory load on the system
#   Increase physical memory or swap space
#   Check if swap backing store is full
#   Decrease Java heap size (-Xmx/-Xms)
#   Decrease number of Java threads
#   Decrease Java thread stack sizes (-Xss)
#   Set larger code cache with -XX:ReservedCodeCacheSize=
#   JVM is running with Unscaled Compressed Oops mode in which the Java heap is
#     placed in the first 4GB address space. The Java Heap base address is the
#     maximum limit for the native heap growth. Please use -XX:HeapBaseMinAddress
#     to set the Java Heap base and to place the Java Heap above 4GB virtual address.
# This output file may be truncated or incomplete.
#
#  Out of Memory Error (arena.cpp:184), pid=2796, tid=8228
#
# JRE version: OpenJDK Runtime Environment Corretto-19.0.2.7.1 (19.0.2+7) (build 19.0.2+7-FR)
# Java VM: OpenJDK 64-Bit Server VM Corretto-19.0.2.7.1 (19.0.2+7-FR, mixed mode, sharing, tiered, compressed oops, compressed class ptrs, g1 gc, windows-amd64)
# No core dump will be written. Minidumps are not enabled by default on client versions of Windows
#

---------------  S U M M A R Y ------------

Command Line: --add-opens=java.base/java.util=ALL-UNNAMED --add-opens=java.base/java.lang=ALL-UNNAMED --add-opens=java.base/java.lang.invoke=ALL-UNNAMED --add-opens=java.prefs/java.util.prefs=ALL-UNNAMED --add-opens=java.base/java.nio.charset=ALL-UNNAMED --add-opens=java.base/java.net=ALL-UNNAMED --add-opens=java.base/java.util.concurrent.atomic=ALL-UNNAMED -XX:MaxMetaspaceSize=384m -XX:+HeapDumpOnOutOfMemoryError -Xms256m -Xmx512m -Dfile.encoding=windows-1252 -Duser.country=US -Duser.language=en -Duser.variant org.gradle.launcher.daemon.bootstrap.GradleDaemon 8.0.2

Host: Intel(R) Core(TM) i5-10300H CPU @ 2.50GHz, 8 cores, 7G,  Windows 10 , 64 bit Build 19041 (10.0.19041.1503)
Time: Thu Aug 15 11:27:12 2024 SE Asia Standard Time elapsed time: 1.560958 seconds (0d 0h 0m 1s)

---------------  T H R E A D  ---------------

Current thread (0x000001b4f4f8d430):  JavaThread "C2 CompilerThread0" daemon [_thread_in_native, id=8228, stack(0x0000001d74c00000,0x0000001d74d00000)]


Current CompileTask:
C2:   1561 2389   !   4       java.lang.ClassLoader::loadClass (121 bytes)

Stack: [0x0000001d74c00000,0x0000001d74d00000]
Native frames: (J=compiled Java code, j=interpreted, Vv=VM code, C=native code)
V  [jvm.dll+0x6d034a]
V  [jvm.dll+0x880f10]
V  [jvm.dll+0x88289e]
V  [jvm.dll+0x882f43]
V  [jvm.dll+0x27b4bb]
V  [jvm.dll+0xdd792]
V  [jvm.dll+0xddb25]
V  [jvm.dll+0x3b4a5b]
V  [jvm.dll+0x1eba22]
V  [jvm.dll+0x2471d3]
V  [jvm.dll+0x2465a7]
V  [jvm.dll+0x1d4bb7]
V  [jvm.dll+0x25558a]
V  [jvm.dll+0x2538d7]
V  [jvm.dll+0x8342bd]
V  [jvm.dll+0x82e2fa]
V  [jvm.dll+0x6cf0d3]
C  [ucrtbase.dll+0x21bb2]
C  [KERNEL32.DLL+0x17034]
C  [ntdll.dll+0x52651]


---------------  P R O C E S S  ---------------

Threads class SMR info:
_java_thread_list=0x000001b4fb2634a0, length=26, elements={
0x000001b4d9d073f0, 0x000001b4f4f79650, 0x000001b4f4f7a440, 0x000001b4f4f7bc30,
0x000001b4f4f7f580, 0x000001b4f4f7feb0, 0x000001b4f4f827f0, 0x000001b4f4f8d430,
0x000001b4f4f99590, 0x000001b4f4f9d540, 0x000001b4f9225ee0, 0x000001b4f922ae60,
0x000001b4f93418f0, 0x000001b4fa9da0c0, 0x000001b4fa9bf8a0, 0x000001b4fa953020,
0x000001b4faa44d30, 0x000001b4faa49c70, 0x000001b4fab540d0, 0x000001b4faca75c0,
0x000001b4faca5090, 0x000001b4faca4b40, 0x000001b4faca65d0, 0x000001b4faca55e0,
0x000001b4faca45f0, 0x000001b4faca40a0
}

Java Threads: ( => current thread )
  0x000001b4d9d073f0 JavaThread "main" [_thread_blocked, id=11856, stack(0x0000001d73f00000,0x0000001d74000000)]
  0x000001b4f4f79650 JavaThread "Reference Handler" daemon [_thread_blocked, id=3200, stack(0x0000001d74600000,0x0000001d74700000)]
  0x000001b4f4f7a440 JavaThread "Finalizer" daemon [_thread_blocked, id=11280, stack(0x0000001d74700000,0x0000001d74800000)]
  0x000001b4f4f7bc30 JavaThread "Signal Dispatcher" daemon [_thread_blocked, id=6588, stack(0x0000001d74800000,0x0000001d74900000)]
  0x000001b4f4f7f580 JavaThread "Attach Listener" daemon [_thread_blocked, id=6440, stack(0x0000001d74900000,0x0000001d74a00000)]
  0x000001b4f4f7feb0 JavaThread "Service Thread" daemon [_thread_blocked, id=2744, stack(0x0000001d74a00000,0x0000001d74b00000)]
  0x000001b4f4f827f0 JavaThread "Monitor Deflation Thread" daemon [_thread_blocked, id=7772, stack(0x0000001d74b00000,0x0000001d74c00000)]
=>0x000001b4f4f8d430 JavaThread "C2 CompilerThread0" daemon [_thread_in_native, id=8228, stack(0x0000001d74c00000,0x0000001d74d00000)]
  0x000001b4f4f99590 JavaThread "C1 CompilerThread0" daemon [_thread_blocked, id=3320, stack(0x0000001d74d00000,0x0000001d74e00000)]
  0x000001b4f4f9d540 JavaThread "Sweeper thread" daemon [_thread_blocked, id=11620, stack(0x0000001d74e00000,0x0000001d74f00000)]
  0x000001b4f9225ee0 JavaThread "Common-Cleaner" daemon [_thread_blocked, id=11208, stack(0x0000001d74f00000,0x0000001d75000000)]
  0x000001b4f922ae60 JavaThread "Notification Thread" daemon [_thread_blocked, id=3224, stack(0x0000001d75000000,0x0000001d75100000)]
  0x000001b4f93418f0 JavaThread "C2 CompilerThread1" daemon [_thread_in_native, id=6560, stack(0x0000001d75200000,0x0000001d75300000)]
  0x000001b4fa9da0c0 JavaThread "Daemon health stats" [_thread_blocked, id=5136, stack(0x0000001d75800000,0x0000001d75900000)]
  0x000001b4fa9bf8a0 JavaThread "Incoming local TCP Connector on port 51982" [_thread_in_native, id=9172, stack(0x0000001d75900000,0x0000001d75a00000)]
  0x000001b4fa953020 JavaThread "Daemon periodic checks" [_thread_blocked, id=8104, stack(0x0000001d75a00000,0x0000001d75b00000)]
  0x000001b4faa44d30 JavaThread "Daemon" [_thread_blocked, id=9364, stack(0x0000001d75b00000,0x0000001d75c00000)]
  0x000001b4faa49c70 JavaThread "Handler for socket connection from /127.0.0.1:51982 to /127.0.0.1:51983" [_thread_in_native, id=11160, stack(0x0000001d75c00000,0x0000001d75d00000)]
  0x000001b4fab540d0 JavaThread "Cancel handler" [_thread_blocked, id=13080, stack(0x0000001d75d00000,0x0000001d75e00000)]
  0x000001b4faca75c0 JavaThread "Daemon worker" [_thread_in_native, id=11848, stack(0x0000001d75e00000,0x0000001d75f00000)]
  0x000001b4faca5090 JavaThread "Asynchronous log dispatcher for DefaultDaemonConnection: socket connection from /127.0.0.1:51982 to /127.0.0.1:51983" [_thread_blocked, id=12184, stack(0x0000001d75f00000,0x0000001d76000000)]
  0x000001b4faca4b40 JavaThread "Stdin handler" [_thread_blocked, id=12032, stack(0x0000001d76000000,0x0000001d76100000)]
  0x000001b4faca65d0 JavaThread "Daemon client event forwarder" [_thread_blocked, id=13684, stack(0x0000001d76100000,0x0000001d76200000)]
  0x000001b4faca55e0 JavaThread "Cache worker for journal cache (C:\Users\Admin\.gradle\caches\journal-1)" [_thread_blocked, id=10276, stack(0x0000001d76200000,0x0000001d76300000)]
  0x000001b4faca45f0 JavaThread "File lock request listener" [_thread_in_native, id=12584, stack(0x0000001d76300000,0x0000001d76400000)]
  0x000001b4faca40a0 JavaThread "Cache worker for file hash cache (C:\Users\Admin\.gradle\caches\8.0.2\fileHashes)" [_thread_blocked, id=12480, stack(0x0000001d76400000,0x0000001d76500000)]

Other Threads:
  0x000001b4f4f61190 VMThread "VM Thread" [stack: 0x0000001d74500000,0x0000001d74600000] [id=11444]
  0x000001b4f922c1c0 WatcherThread "VM Periodic Task Thread" [stack: 0x0000001d75100000,0x0000001d75200000] [id=2012]
  0x000001b4d9d39bc0 WorkerThread "GC Thread#0" [stack: 0x0000001d74000000,0x0000001d74100000] [id=7452]
  0x000001b4f9c76b80 WorkerThread "GC Thread#1" [stack: 0x0000001d75300000,0x0000001d75400000] [id=9844]
  0x000001b4f9c1a510 WorkerThread "GC Thread#2" [stack: 0x0000001d75400000,0x0000001d75500000] [id=4748]
  0x000001b4f9c7e9e0 WorkerThread "GC Thread#3" [stack: 0x0000001d75500000,0x0000001d75600000] [id=10020]
  0x000001b4f9ce7230 WorkerThread "GC Thread#4" [stack: 0x0000001d75600000,0x0000001d75700000] [id=2780]
  0x000001b4f9ce6f60 WorkerThread "GC Thread#5" [stack: 0x0000001d75700000,0x0000001d75800000] [id=1176]
  0x000001b4d9d40bf0 ConcurrentGCThread "G1 Main Marker" [stack: 0x0000001d74100000,0x0000001d74200000] [id=13544]
  0x000001b4d9d41530 WorkerThread "G1 Conc#0" [stack: 0x0000001d74200000,0x0000001d74300000] [id=9060]
  0x000001b4d9dde8d0 ConcurrentGCThread "G1 Refine#0" [stack: 0x0000001d74300000,0x0000001d74400000] [id=6080]
  0x000001b4f4e26540 ConcurrentGCThread "G1 Service" [stack: 0x0000001d74400000,0x0000001d74500000] [id=12544]

Threads with active compile tasks:
C2 CompilerThread0     1571 2389   !   4       java.lang.ClassLoader::loadClass (121 bytes)
C2 CompilerThread1     1571 2500   !   4       java.net.URLClassLoader::findClass (47 bytes)

VM state: not at safepoint (normal execution)

VM Mutex/Monitor currently owned by a thread: None

Heap address: 0x00000000e0000000, size: 512 MB, Compressed Oops mode: 32-bit

CDS archive(s) mapped at: [0x0000000800000000-0x0000000800c40000-0x0000000800c40000), size 12845056, SharedBaseAddress: 0x0000000800000000, ArchiveRelocationMode: 0.
Compressed class space mapped at: 0x0000000801000000-0x0000000814400000, reserved size: 322961408
Narrow klass base: 0x0000000800000000, Narrow klass shift: 0, Narrow klass range: 0x100000000

GC Precious Log:
 CardTable entry size: 512
 Card Set container configuration: InlinePtr #cards 5 size 8 Array Of Cards #cards 12 size 40 Howl #buckets 4 coarsen threshold 1843 Howl Bitmap #cards 512 size 80 coarsen threshold 460 Card regions per heap region 1 cards per card region 2048
 CPUs: 8 total, 8 available
 Memory: 7979M
 Large Page Support: Disabled
 NUMA Support: Disabled
 Compressed Oops: Enabled (32-bit)
 Heap Region Size: 1M
 Heap Min Capacity: 256M
 Heap Initial Capacity: 256M
 Heap Max Capacity: 512M
 Pre-touch: Disabled
 Parallel Workers: 8
 Concurrent Workers: 2
 Concurrent Refinement Workers: 8
 Periodic GC: Disabled

Heap:
 garbage-first heap   total 262144K, used 75118K [0x00000000e0000000, 0x0000000100000000)
  region size 1024K, 64 young (65536K), 4 survivors (4096K)
 Metaspace       used 16568K, committed 17088K, reserved 380928K
  class space    used 2315K, committed 2560K, reserved 315392K

Heap Regions: E=young(eden), S=young(survivor), O=old, HS=humongous(starts), HC=humongous(continues), CS=collection set, F=free, OA=open archive, CA=closed archive, TAMS=top-at-mark-start (previous, next)
|   0|0x00000000e0000000, 0x00000000e0100000, 0x00000000e0100000|100%|HS|  |TAMS 0x00000000e0000000, 0x00000000e0000000| Complete 
|   1|0x00000000e0100000, 0x00000000e0200000, 0x00000000e0200000|100%|HC|  |TAMS 0x00000000e0100000, 0x00000000e0100000| Complete 
|   2|0x00000000e0200000, 0x00000000e0300000, 0x00000000e0300000|100%|HC|  |TAMS 0x00000000e0200000, 0x00000000e0200000| Complete 
|   3|0x00000000e0300000, 0x00000000e0400000, 0x00000000e0400000|100%|HC|  |TAMS 0x00000000e0300000, 0x00000000e0300000| Complete 
|   4|0x00000000e0400000, 0x00000000e0500000, 0x00000000e0500000|100%| O|  |TAMS 0x00000000e0400000, 0x00000000e0400000| Untracked 
|   5|0x00000000e0500000, 0x00000000e0600000, 0x00000000e0600000|100%| O|  |TAMS 0x00000000e0500000, 0x00000000e0500000| Untracked 
|   6|0x00000000e0600000, 0x00000000e0700000, 0x00000000e0700000|100%| O|  |TAMS 0x00000000e0600000, 0x00000000e0600000| Untracked 
|   7|0x00000000e0700000, 0x00000000e0800000, 0x00000000e0800000|100%| O|  |TAMS 0x00000000e0700000, 0x00000000e0700000| Untracked 
|   8|0x00000000e0800000, 0x00000000e0800000, 0x00000000e0900000|  0%| F|  |TAMS 0x00000000e0800000, 0x00000000e0800000| Untracked 
|   9|0x00000000e0900000, 0x00000000e0a00000, 0x00000000e0a00000|100%| O|  |TAMS 0x00000000e0900000, 0x00000000e0900000| Untracked 
|  10|0x00000000e0a00000, 0x00000000e0b00000, 0x00000000e0b00000|100%| O|  |TAMS 0x00000000e0a00000, 0x00000000e0a00000| Untracked 
|  11|0x00000000e0b00000, 0x00000000e0b5ba00, 0x00000000e0c00000| 35%| O|  |TAMS 0x00000000e0b00000, 0x00000000e0b00000| Untracked 
|  12|0x00000000e0c00000, 0x00000000e0c00000, 0x00000000e0d00000|  0%| F|  |TAMS 0x00000000e0c00000, 0x00000000e0c00000| Untracked 
|  13|0x00000000e0d00000, 0x00000000e0d00000, 0x00000000e0e00000|  0%| F|  |TAMS 0x00000000e0d00000, 0x00000000e0d00000| Untracked 
|  14|0x00000000e0e00000, 0x00000000e0e00000, 0x00000000e0f00000|  0%| F|  |TAMS 0x00000000e0e00000, 0x00000000e0e00000| Untracked 
|  15|0x00000000e0f00000, 0x00000000e0f00000, 0x00000000e1000000|  0%| F|  |TAMS 0x00000000e0f00000, 0x00000000e0f00000| Untracked 
|  16|0x00000000e1000000, 0x00000000e1000000, 0x00000000e1100000|  0%| F|  |TAMS 0x00000000e1000000, 0x00000000e1000000| Untracked 
|  17|0x00000000e1100000, 0x00000000e1100000, 0x00000000e1200000|  0%| F|  |TAMS 0x00000000e1100000, 0x00000000e1100000| Untracked 
|  18|0x00000000e1200000, 0x00000000e1200000, 0x00000000e1300000|  0%| F|  |TAMS 0x00000000e1200000, 0x00000000e1200000| Untracked 
|  19|0x00000000e1300000, 0x00000000e1300000, 0x00000000e1400000|  0%| F|  |TAMS 0x00000000e1300000, 0x00000000e1300000| Untracked 
|  20|0x00000000e1400000, 0x00000000e1400000, 0x00000000e1500000|  0%| F|  |TAMS 0x00000000e1400000, 0x00000000e1400000| Untracked 
|  21|0x00000000e1500000, 0x00000000e1500000, 0x00000000e1600000|  0%| F|  |TAMS 0x00000000e1500000, 0x00000000e1500000| Untracked 
|  22|0x00000000e1600000, 0x00000000e1600000, 0x00000000e1700000|  0%| F|  |TAMS 0x00000000e1600000, 0x00000000e1600000| Untracked 
|  23|0x00000000e1700000, 0x00000000e1700000, 0x00000000e1800000|  0%| F|  |TAMS 0x00000000e1700000, 0x00000000e1700000| Untracked 
|  24|0x00000000e1800000, 0x00000000e1800000, 0x00000000e1900000|  0%| F|  |TAMS 0x00000000e1800000, 0x00000000e1800000| Untracked 
|  25|0x00000000e1900000, 0x00000000e1900000, 0x00000000e1a00000|  0%| F|  |TAMS 0x00000000e1900000, 0x00000000e1900000| Untracked 
|  26|0x00000000e1a00000, 0x00000000e1a00000, 0x00000000e1b00000|  0%| F|  |TAMS 0x00000000e1a00000, 0x00000000e1a00000| Untracked 
|  27|0x00000000e1b00000, 0x00000000e1b00000, 0x00000000e1c00000|  0%| F|  |TAMS 0x00000000e1b00000, 0x00000000e1b00000| Untracked 
|  28|0x00000000e1c00000, 0x00000000e1c00000, 0x00000000e1d00000|  0%| F|  |TAMS 0x00000000e1c00000, 0x00000000e1c00000| Untracked 
|  29|0x00000000e1d00000, 0x00000000e1d00000, 0x00000000e1e00000|  0%| F|  |TAMS 0x00000000e1d00000, 0x00000000e1d00000| Untracked 
|  30|0x00000000e1e00000, 0x00000000e1e00000, 0x00000000e1f00000|  0%| F|  |TAMS 0x00000000e1e00000, 0x00000000e1e00000| Untracked 
|  31|0x00000000e1f00000, 0x00000000e1f00000, 0x00000000e2000000|  0%| F|  |TAMS 0x00000000e1f00000, 0x00000000e1f00000| Untracked 
|  32|0x00000000e2000000, 0x00000000e2000000, 0x00000000e2100000|  0%| F|  |TAMS 0x00000000e2000000, 0x00000000e2000000| Untracked 
|  33|0x00000000e2100000, 0x00000000e2100000, 0x00000000e2200000|  0%| F|  |TAMS 0x00000000e2100000, 0x00000000e2100000| Untracked 
|  34|0x00000000e2200000, 0x00000000e2200000, 0x00000000e2300000|  0%| F|  |TAMS 0x00000000e2200000, 0x00000000e2200000| Untracked 
|  35|0x00000000e2300000, 0x00000000e2300000, 0x00000000e2400000|  0%| F|  |TAMS 0x00000000e2300000, 0x00000000e2300000| Untracked 
|  36|0x00000000e2400000, 0x00000000e2400000, 0x00000000e2500000|  0%| F|  |TAMS 0x00000000e2400000, 0x00000000e2400000| Untracked 
|  37|0x00000000e2500000, 0x00000000e2500000, 0x00000000e2600000|  0%| F|  |TAMS 0x00000000e2500000, 0x00000000e2500000| Untracked 
|  38|0x00000000e2600000, 0x00000000e2600000, 0x00000000e2700000|  0%| F|  |TAMS 0x00000000e2600000, 0x00000000e2600000| Untracked 
|  39|0x00000000e2700000, 0x00000000e2700000, 0x00000000e2800000|  0%| F|  |TAMS 0x00000000e2700000, 0x00000000e2700000| Untracked 
|  40|0x00000000e2800000, 0x00000000e2800000, 0x00000000e2900000|  0%| F|  |TAMS 0x00000000e2800000, 0x00000000e2800000| Untracked 
|  41|0x00000000e2900000, 0x00000000e2900000, 0x00000000e2a00000|  0%| F|  |TAMS 0x00000000e2900000, 0x00000000e2900000| Untracked 
|  42|0x00000000e2a00000, 0x00000000e2a00000, 0x00000000e2b00000|  0%| F|  |TAMS 0x00000000e2a00000, 0x00000000e2a00000| Untracked 
|  43|0x00000000e2b00000, 0x00000000e2b00000, 0x00000000e2c00000|  0%| F|  |TAMS 0x00000000e2b00000, 0x00000000e2b00000| Untracked 
|  44|0x00000000e2c00000, 0x00000000e2c00000, 0x00000000e2d00000|  0%| F|  |TAMS 0x00000000e2c00000, 0x00000000e2c00000| Untracked 
|  45|0x00000000e2d00000, 0x00000000e2d00000, 0x00000000e2e00000|  0%| F|  |TAMS 0x00000000e2d00000, 0x00000000e2d00000| Untracked 
|  46|0x00000000e2e00000, 0x00000000e2e00000, 0x00000000e2f00000|  0%| F|  |TAMS 0x00000000e2e00000, 0x00000000e2e00000| Untracked 
|  47|0x00000000e2f00000, 0x00000000e2f00000, 0x00000000e3000000|  0%| F|  |TAMS 0x00000000e2f00000, 0x00000000e2f00000| Untracked 
|  48|0x00000000e3000000, 0x00000000e3000000, 0x00000000e3100000|  0%| F|  |TAMS 0x00000000e3000000, 0x00000000e3000000| Untracked 
|  49|0x00000000e3100000, 0x00000000e3100000, 0x00000000e3200000|  0%| F|  |TAMS 0x00000000e3100000, 0x00000000e3100000| Untracked 
|  50|0x00000000e3200000, 0x00000000e3200000, 0x00000000e3300000|  0%| F|  |TAMS 0x00000000e3200000, 0x00000000e3200000| Untracked 
|  51|0x00000000e3300000, 0x00000000e3300000, 0x00000000e3400000|  0%| F|  |TAMS 0x00000000e3300000, 0x00000000e3300000| Untracked 
|  52|0x00000000e3400000, 0x00000000e3400000, 0x00000000e3500000|  0%| F|  |TAMS 0x00000000e3400000, 0x00000000e3400000| Untracked 
|  53|0x00000000e3500000, 0x00000000e3500000, 0x00000000e3600000|  0%| F|  |TAMS 0x00000000e3500000, 0x00000000e3500000| Untracked 
|  54|0x00000000e3600000, 0x00000000e3600000, 0x00000000e3700000|  0%| F|  |TAMS 0x00000000e3600000, 0x00000000e3600000| Untracked 
|  55|0x00000000e3700000, 0x00000000e3700000, 0x00000000e3800000|  0%| F|  |TAMS 0x00000000e3700000, 0x00000000e3700000| Untracked 
|  56|0x00000000e3800000, 0x00000000e3800000, 0x00000000e3900000|  0%| F|  |TAMS 0x00000000e3800000, 0x00000000e3800000| Untracked 
|  57|0x00000000e3900000, 0x00000000e3900000, 0x00000000e3a00000|  0%| F|  |TAMS 0x00000000e3900000, 0x00000000e3900000| Untracked 
|  58|0x00000000e3a00000, 0x00000000e3a00000, 0x00000000e3b00000|  0%| F|  |TAMS 0x00000000e3a00000, 0x00000000e3a00000| Untracked 
|  59|0x00000000e3b00000, 0x00000000e3b00000, 0x00000000e3c00000|  0%| F|  |TAMS 0x00000000e3b00000, 0x00000000e3b00000| Untracked 
|  60|0x00000000e3c00000, 0x00000000e3c00000, 0x00000000e3d00000|  0%| F|  |TAMS 0x00000000e3c00000, 0x00000000e3c00000| Untracked 
|  61|0x00000000e3d00000, 0x00000000e3d00000, 0x00000000e3e00000|  0%| F|  |TAMS 0x00000000e3d00000, 0x00000000e3d00000| Untracked 
|  62|0x00000000e3e00000, 0x00000000e3e00000, 0x00000000e3f00000|  0%| F|  |TAMS 0x00000000e3e00000, 0x00000000e3e00000| Untracked 
|  63|0x00000000e3f00000, 0x00000000e3f00000, 0x00000000e4000000|  0%| F|  |TAMS 0x00000000e3f00000, 0x00000000e3f00000| Untracked 
|  64|0x00000000e4000000, 0x00000000e4000000, 0x00000000e4100000|  0%| F|  |TAMS 0x00000000e4000000, 0x00000000e4000000| Untracked 
|  65|0x00000000e4100000, 0x00000000e4100000, 0x00000000e4200000|  0%| F|  |TAMS 0x00000000e4100000, 0x00000000e4100000| Untracked 
|  66|0x00000000e4200000, 0x00000000e4200000, 0x00000000e4300000|  0%| F|  |TAMS 0x00000000e4200000, 0x00000000e4200000| Untracked 
|  67|0x00000000e4300000, 0x00000000e4300000, 0x00000000e4400000|  0%| F|  |TAMS 0x00000000e4300000, 0x00000000e4300000| Untracked 
|  68|0x00000000e4400000, 0x00000000e4400000, 0x00000000e4500000|  0%| F|  |TAMS 0x00000000e4400000, 0x00000000e4400000| Untracked 
|  69|0x00000000e4500000, 0x00000000e4500000, 0x00000000e4600000|  0%| F|  |TAMS 0x00000000e4500000, 0x00000000e4500000| Untracked 
|  70|0x00000000e4600000, 0x00000000e4600000, 0x00000000e4700000|  0%| F|  |TAMS 0x00000000e4600000, 0x00000000e4600000| Untracked 
|  71|0x00000000e4700000, 0x00000000e4700000, 0x00000000e4800000|  0%| F|  |TAMS 0x00000000e4700000, 0x00000000e4700000| Untracked 
|  72|0x00000000e4800000, 0x00000000e4800000, 0x00000000e4900000|  0%| F|  |TAMS 0x00000000e4800000, 0x00000000e4800000| Untracked 
|  73|0x00000000e4900000, 0x00000000e4900000, 0x00000000e4a00000|  0%| F|  |TAMS 0x00000000e4900000, 0x00000000e4900000| Untracked 
|  74|0x00000000e4a00000, 0x00000000e4a00000, 0x00000000e4b00000|  0%| F|  |TAMS 0x00000000e4a00000, 0x00000000e4a00000| Untracked 
|  75|0x00000000e4b00000, 0x00000000e4b00000, 0x00000000e4c00000|  0%| F|  |TAMS 0x00000000e4b00000, 0x00000000e4b00000| Untracked 
|  76|0x00000000e4c00000, 0x00000000e4c00000, 0x00000000e4d00000|  0%| F|  |TAMS 0x00000000e4c00000, 0x00000000e4c00000| Untracked 
|  77|0x00000000e4d00000, 0x00000000e4d00000, 0x00000000e4e00000|  0%| F|  |TAMS 0x00000000e4d00000, 0x00000000e4d00000| Untracked 
|  78|0x00000000e4e00000, 0x00000000e4e00000, 0x00000000e4f00000|  0%| F|  |TAMS 0x00000000e4e00000, 0x00000000e4e00000| Untracked 
|  79|0x00000000e4f00000, 0x00000000e4f00000, 0x00000000e5000000|  0%| F|  |TAMS 0x00000000e4f00000, 0x00000000e4f00000| Untracked 
|  80|0x00000000e5000000, 0x00000000e5000000, 0x00000000e5100000|  0%| F|  |TAMS 0x00000000e5000000, 0x00000000e5000000| Untracked 
|  81|0x00000000e5100000, 0x00000000e5100000, 0x00000000e5200000|  0%| F|  |TAMS 0x00000000e5100000, 0x00000000e5100000| Untracked 
|  82|0x00000000e5200000, 0x00000000e5200000, 0x00000000e5300000|  0%| F|  |TAMS 0x00000000e5200000, 0x00000000e5200000| Untracked 
|  83|0x00000000e5300000, 0x00000000e5300000, 0x00000000e5400000|  0%| F|  |TAMS 0x00000000e5300000, 0x00000000e5300000| Untracked 
|  84|0x00000000e5400000, 0x00000000e5400000, 0x00000000e5500000|  0%| F|  |TAMS 0x00000000e5400000, 0x00000000e5400000| Untracked 
|  85|0x00000000e5500000, 0x00000000e5500000, 0x00000000e5600000|  0%| F|  |TAMS 0x00000000e5500000, 0x00000000e5500000| Untracked 
|  86|0x00000000e5600000, 0x00000000e5600000, 0x00000000e5700000|  0%| F|  |TAMS 0x00000000e5600000, 0x00000000e5600000| Untracked 
|  87|0x00000000e5700000, 0x00000000e5700000, 0x00000000e5800000|  0%| F|  |TAMS 0x00000000e5700000, 0x00000000e5700000| Untracked 
|  88|0x00000000e5800000, 0x00000000e5800000, 0x00000000e5900000|  0%| F|  |TAMS 0x00000000e5800000, 0x00000000e5800000| Untracked 
|  89|0x00000000e5900000, 0x00000000e5900000, 0x00000000e5a00000|  0%| F|  |TAMS 0x00000000e5900000, 0x00000000e5900000| Untracked 
|  90|0x00000000e5a00000, 0x00000000e5a00000, 0x00000000e5b00000|  0%| F|  |TAMS 0x00000000e5a00000, 0x00000000e5a00000| Untracked 
|  91|0x00000000e5b00000, 0x00000000e5b00000, 0x00000000e5c00000|  0%| F|  |TAMS 0x00000000e5b00000, 0x00000000e5b00000| Untracked 
|  92|0x00000000e5c00000, 0x00000000e5c00000, 0x00000000e5d00000|  0%| F|  |TAMS 0x00000000e5c00000, 0x00000000e5c00000| Untracked 
|  93|0x00000000e5d00000, 0x00000000e5d00000, 0x00000000e5e00000|  0%| F|  |TAMS 0x00000000e5d00000, 0x00000000e5d00000| Untracked 
|  94|0x00000000e5e00000, 0x00000000e5e00000, 0x00000000e5f00000|  0%| F|  |TAMS 0x00000000e5e00000, 0x00000000e5e00000| Untracked 
|  95|0x00000000e5f00000, 0x00000000e5f00000, 0x00000000e6000000|  0%| F|  |TAMS 0x00000000e5f00000, 0x00000000e5f00000| Untracked 
|  96|0x00000000e6000000, 0x00000000e6000000, 0x00000000e6100000|  0%| F|  |TAMS 0x00000000e6000000, 0x00000000e6000000| Untracked 
|  97|0x00000000e6100000, 0x00000000e6100000, 0x00000000e6200000|  0%| F|  |TAMS 0x00000000e6100000, 0x00000000e6100000| Untracked 
|  98|0x00000000e6200000, 0x00000000e6200000, 0x00000000e6300000|  0%| F|  |TAMS 0x00000000e6200000, 0x00000000e6200000| Untracked 
|  99|0x00000000e6300000, 0x00000000e6300000, 0x00000000e6400000|  0%| F|  |TAMS 0x00000000e6300000, 0x00000000e6300000| Untracked 
| 100|0x00000000e6400000, 0x00000000e6400000, 0x00000000e6500000|  0%| F|  |TAMS 0x00000000e6400000, 0x00000000e6400000| Untracked 
| 101|0x00000000e6500000, 0x00000000e6500000, 0x00000000e6600000|  0%| F|  |TAMS 0x00000000e6500000, 0x00000000e6500000| Untracked 
| 102|0x00000000e6600000, 0x00000000e6600000, 0x00000000e6700000|  0%| F|  |TAMS 0x00000000e6600000, 0x00000000e6600000| Untracked 
| 103|0x00000000e6700000, 0x00000000e6700000, 0x00000000e6800000|  0%| F|  |TAMS 0x00000000e6700000, 0x00000000e6700000| Untracked 
| 104|0x00000000e6800000, 0x00000000e6800000, 0x00000000e6900000|  0%| F|  |TAMS 0x00000000e6800000, 0x00000000e6800000| Untracked 
| 105|0x00000000e6900000, 0x00000000e6900000, 0x00000000e6a00000|  0%| F|  |TAMS 0x00000000e6900000, 0x00000000e6900000| Untracked 
| 106|0x00000000e6a00000, 0x00000000e6a00000, 0x00000000e6b00000|  0%| F|  |TAMS 0x00000000e6a00000, 0x00000000e6a00000| Untracked 
| 107|0x00000000e6b00000, 0x00000000e6b00000, 0x00000000e6c00000|  0%| F|  |TAMS 0x00000000e6b00000, 0x00000000e6b00000| Untracked 
| 108|0x00000000e6c00000, 0x00000000e6c00000, 0x00000000e6d00000|  0%| F|  |TAMS 0x00000000e6c00000, 0x00000000e6c00000| Untracked 
| 109|0x00000000e6d00000, 0x00000000e6d00000, 0x00000000e6e00000|  0%| F|  |TAMS 0x00000000e6d00000, 0x00000000e6d00000| Untracked 
| 110|0x00000000e6e00000, 0x00000000e6e00000, 0x00000000e6f00000|  0%| F|  |TAMS 0x00000000e6e00000, 0x00000000e6e00000| Untracked 
| 111|0x00000000e6f00000, 0x00000000e6f00000, 0x00000000e7000000|  0%| F|  |TAMS 0x00000000e6f00000, 0x00000000e6f00000| Untracked 
| 112|0x00000000e7000000, 0x00000000e7000000, 0x00000000e7100000|  0%| F|  |TAMS 0x00000000e7000000, 0x00000000e7000000| Untracked 
| 113|0x00000000e7100000, 0x00000000e7100000, 0x00000000e7200000|  0%| F|  |TAMS 0x00000000e7100000, 0x00000000e7100000| Untracked 
| 114|0x00000000e7200000, 0x00000000e7200000, 0x00000000e7300000|  0%| F|  |TAMS 0x00000000e7200000, 0x00000000e7200000| Untracked 
| 115|0x00000000e7300000, 0x00000000e7300000, 0x00000000e7400000|  0%| F|  |TAMS 0x00000000e7300000, 0x00000000e7300000| Untracked 
| 116|0x00000000e7400000, 0x00000000e7400000, 0x00000000e7500000|  0%| F|  |TAMS 0x00000000e7400000, 0x00000000e7400000| Untracked 
| 117|0x00000000e7500000, 0x00000000e7500000, 0x00000000e7600000|  0%| F|  |TAMS 0x00000000e7500000, 0x00000000e7500000| Untracked 
| 118|0x00000000e7600000, 0x00000000e7600000, 0x00000000e7700000|  0%| F|  |TAMS 0x00000000e7600000, 0x00000000e7600000| Untracked 
| 119|0x00000000e7700000, 0x00000000e7700000, 0x00000000e7800000|  0%| F|  |TAMS 0x00000000e7700000, 0x00000000e7700000| Untracked 
| 120|0x00000000e7800000, 0x00000000e7800000, 0x00000000e7900000|  0%| F|  |TAMS 0x00000000e7800000, 0x00000000e7800000| Untracked 
| 121|0x00000000e7900000, 0x00000000e7900000, 0x00000000e7a00000|  0%| F|  |TAMS 0x00000000e7900000, 0x00000000e7900000| Untracked 
| 122|0x00000000e7a00000, 0x00000000e7a00000, 0x00000000e7b00000|  0%| F|  |TAMS 0x00000000e7a00000, 0x00000000e7a00000| Untracked 
| 123|0x00000000e7b00000, 0x00000000e7b00000, 0x00000000e7c00000|  0%| F|  |TAMS 0x00000000e7b00000, 0x00000000e7b00000| Untracked 
| 124|0x00000000e7c00000, 0x00000000e7c00000, 0x00000000e7d00000|  0%| F|  |TAMS 0x00000000e7c00000, 0x00000000e7c00000| Untracked 
| 125|0x00000000e7d00000, 0x00000000e7d00000, 0x00000000e7e00000|  0%| F|  |TAMS 0x00000000e7d00000, 0x00000000e7d00000| Untracked 
| 126|0x00000000e7e00000, 0x00000000e7e00000, 0x00000000e7f00000|  0%| F|  |TAMS 0x00000000e7e00000, 0x00000000e7e00000| Untracked 
| 127|0x00000000e7f00000, 0x00000000e7f00000, 0x00000000e8000000|  0%| F|  |TAMS 0x00000000e7f00000, 0x00000000e7f00000| Untracked 
| 128|0x00000000e8000000, 0x00000000e8000000, 0x00000000e8100000|  0%| F|  |TAMS 0x00000000e8000000, 0x00000000e8000000| Untracked 
| 129|0x00000000e8100000, 0x00000000e8100000, 0x00000000e8200000|  0%| F|  |TAMS 0x00000000e8100000, 0x00000000e8100000| Untracked 
| 130|0x00000000e8200000, 0x00000000e8200000, 0x00000000e8300000|  0%| F|  |TAMS 0x00000000e8200000, 0x00000000e8200000| Untracked 
| 131|0x00000000e8300000, 0x00000000e8300000, 0x00000000e8400000|  0%| F|  |TAMS 0x00000000e8300000, 0x00000000e8300000| Untracked 
| 132|0x00000000e8400000, 0x00000000e8400000, 0x00000000e8500000|  0%| F|  |TAMS 0x00000000e8400000, 0x00000000e8400000| Untracked 
| 133|0x00000000e8500000, 0x00000000e8500000, 0x00000000e8600000|  0%| F|  |TAMS 0x00000000e8500000, 0x00000000e8500000| Untracked 
| 134|0x00000000e8600000, 0x00000000e8600000, 0x00000000e8700000|  0%| F|  |TAMS 0x00000000e8600000, 0x00000000e8600000| Untracked 
| 135|0x00000000e8700000, 0x00000000e8700000, 0x00000000e8800000|  0%| F|  |TAMS 0x00000000e8700000, 0x00000000e8700000| Untracked 
| 136|0x00000000e8800000, 0x00000000e8800000, 0x00000000e8900000|  0%| F|  |TAMS 0x00000000e8800000, 0x00000000e8800000| Untracked 
| 137|0x00000000e8900000, 0x00000000e8900000, 0x00000000e8a00000|  0%| F|  |TAMS 0x00000000e8900000, 0x00000000e8900000| Untracked 
| 138|0x00000000e8a00000, 0x00000000e8a00000, 0x00000000e8b00000|  0%| F|  |TAMS 0x00000000e8a00000, 0x00000000e8a00000| Untracked 
| 139|0x00000000e8b00000, 0x00000000e8b00000, 0x00000000e8c00000|  0%| F|  |TAMS 0x00000000e8b00000, 0x00000000e8b00000| Untracked 
| 140|0x00000000e8c00000, 0x00000000e8c00000, 0x00000000e8d00000|  0%| F|  |TAMS 0x00000000e8c00000, 0x00000000e8c00000| Untracked 
| 141|0x00000000e8d00000, 0x00000000e8d00000, 0x00000000e8e00000|  0%| F|  |TAMS 0x00000000e8d00000, 0x00000000e8d00000| Untracked 
| 142|0x00000000e8e00000, 0x00000000e8e00000, 0x00000000e8f00000|  0%| F|  |TAMS 0x00000000e8e00000, 0x00000000e8e00000| Untracked 
| 143|0x00000000e8f00000, 0x00000000e8f00000, 0x00000000e9000000|  0%| F|  |TAMS 0x00000000e8f00000, 0x00000000e8f00000| Untracked 
| 144|0x00000000e9000000, 0x00000000e9000000, 0x00000000e9100000|  0%| F|  |TAMS 0x00000000e9000000, 0x00000000e9000000| Untracked 
| 145|0x00000000e9100000, 0x00000000e9100000, 0x00000000e9200000|  0%| F|  |TAMS 0x00000000e9100000, 0x00000000e9100000| Untracked 
| 146|0x00000000e9200000, 0x00000000e9200000, 0x00000000e9300000|  0%| F|  |TAMS 0x00000000e9200000, 0x00000000e9200000| Untracked 
| 147|0x00000000e9300000, 0x00000000e9300000, 0x00000000e9400000|  0%| F|  |TAMS 0x00000000e9300000, 0x00000000e9300000| Untracked 
| 148|0x00000000e9400000, 0x00000000e9400000, 0x00000000e9500000|  0%| F|  |TAMS 0x00000000e9400000, 0x00000000e9400000| Untracked 
| 149|0x00000000e9500000, 0x00000000e9500000, 0x00000000e9600000|  0%| F|  |TAMS 0x00000000e9500000, 0x00000000e9500000| Untracked 
| 150|0x00000000e9600000, 0x00000000e9600000, 0x00000000e9700000|  0%| F|  |TAMS 0x00000000e9600000, 0x00000000e9600000| Untracked 
| 151|0x00000000e9700000, 0x00000000e9700000, 0x00000000e9800000|  0%| F|  |TAMS 0x00000000e9700000, 0x00000000e9700000| Untracked 
| 152|0x00000000e9800000, 0x00000000e9800000, 0x00000000e9900000|  0%| F|  |TAMS 0x00000000e9800000, 0x00000000e9800000| Untracked 
| 153|0x00000000e9900000, 0x00000000e9900000, 0x00000000e9a00000|  0%| F|  |TAMS 0x00000000e9900000, 0x00000000e9900000| Untracked 
| 154|0x00000000e9a00000, 0x00000000e9a00000, 0x00000000e9b00000|  0%| F|  |TAMS 0x00000000e9a00000, 0x00000000e9a00000| Untracked 
| 155|0x00000000e9b00000, 0x00000000e9b00000, 0x00000000e9c00000|  0%| F|  |TAMS 0x00000000e9b00000, 0x00000000e9b00000| Untracked 
| 156|0x00000000e9c00000, 0x00000000e9c00000, 0x00000000e9d00000|  0%| F|  |TAMS 0x00000000e9c00000, 0x00000000e9c00000| Untracked 
| 157|0x00000000e9d00000, 0x00000000e9d00000, 0x00000000e9e00000|  0%| F|  |TAMS 0x00000000e9d00000, 0x00000000e9d00000| Untracked 
| 158|0x00000000e9e00000, 0x00000000e9e00000, 0x00000000e9f00000|  0%| F|  |TAMS 0x00000000e9e00000, 0x00000000e9e00000| Untracked 
| 159|0x00000000e9f00000, 0x00000000e9f00000, 0x00000000ea000000|  0%| F|  |TAMS 0x00000000e9f00000, 0x00000000e9f00000| Untracked 
| 160|0x00000000ea000000, 0x00000000ea000000, 0x00000000ea100000|  0%| F|  |TAMS 0x00000000ea000000, 0x00000000ea000000| Untracked 
| 161|0x00000000ea100000, 0x00000000ea100000, 0x00000000ea200000|  0%| F|  |TAMS 0x00000000ea100000, 0x00000000ea100000| Untracked 
| 162|0x00000000ea200000, 0x00000000ea200000, 0x00000000ea300000|  0%| F|  |TAMS 0x00000000ea200000, 0x00000000ea200000| Untracked 
| 163|0x00000000ea300000, 0x00000000ea300000, 0x00000000ea400000|  0%| F|  |TAMS 0x00000000ea300000, 0x00000000ea300000| Untracked 
| 164|0x00000000ea400000, 0x00000000ea400000, 0x00000000ea500000|  0%| F|  |TAMS 0x00000000ea400000, 0x00000000ea400000| Untracked 
| 165|0x00000000ea500000, 0x00000000ea500000, 0x00000000ea600000|  0%| F|  |TAMS 0x00000000ea500000, 0x00000000ea500000| Untracked 
| 166|0x00000000ea600000, 0x00000000ea600000, 0x00000000ea700000|  0%| F|  |TAMS 0x00000000ea600000, 0x00000000ea600000| Untracked 
| 167|0x00000000ea700000, 0x00000000ea700000, 0x00000000ea800000|  0%| F|  |TAMS 0x00000000ea700000, 0x00000000ea700000| Untracked 
| 168|0x00000000ea800000, 0x00000000ea800000, 0x00000000ea900000|  0%| F|  |TAMS 0x00000000ea800000, 0x00000000ea800000| Untracked 
| 169|0x00000000ea900000, 0x00000000ea900000, 0x00000000eaa00000|  0%| F|  |TAMS 0x00000000ea900000, 0x00000000ea900000| Untracked 
| 170|0x00000000eaa00000, 0x00000000eaa00000, 0x00000000eab00000|  0%| F|  |TAMS 0x00000000eaa00000, 0x00000000eaa00000| Untracked 
| 171|0x00000000eab00000, 0x00000000eab00000, 0x00000000eac00000|  0%| F|  |TAMS 0x00000000eab00000, 0x00000000eab00000| Untracked 
| 172|0x00000000eac00000, 0x00000000eac00000, 0x00000000ead00000|  0%| F|  |TAMS 0x00000000eac00000, 0x00000000eac00000| Untracked 
| 173|0x00000000ead00000, 0x00000000ead00000, 0x00000000eae00000|  0%| F|  |TAMS 0x00000000ead00000, 0x00000000ead00000| Untracked 
| 174|0x00000000eae00000, 0x00000000eae00000, 0x00000000eaf00000|  0%| F|  |TAMS 0x00000000eae00000, 0x00000000eae00000| Untracked 
| 175|0x00000000eaf00000, 0x00000000eaf00000, 0x00000000eb000000|  0%| F|  |TAMS 0x00000000eaf00000, 0x00000000eaf00000| Untracked 
| 176|0x00000000eb000000, 0x00000000eb000000, 0x00000000eb100000|  0%| F|  |TAMS 0x00000000eb000000, 0x00000000eb000000| Untracked 
| 177|0x00000000eb100000, 0x00000000eb100000, 0x00000000eb200000|  0%| F|  |TAMS 0x00000000eb100000, 0x00000000eb100000| Untracked 
| 178|0x00000000eb200000, 0x00000000eb200000, 0x00000000eb300000|  0%| F|  |TAMS 0x00000000eb200000, 0x00000000eb200000| Untracked 
| 179|0x00000000eb300000, 0x00000000eb300000, 0x00000000eb400000|  0%| F|  |TAMS 0x00000000eb300000, 0x00000000eb300000| Untracked 
| 180|0x00000000eb400000, 0x00000000eb400000, 0x00000000eb500000|  0%| F|  |TAMS 0x00000000eb400000, 0x00000000eb400000| Untracked 
| 181|0x00000000eb500000, 0x00000000eb500000, 0x00000000eb600000|  0%| F|  |TAMS 0x00000000eb500000, 0x00000000eb500000| Untracked 
| 182|0x00000000eb600000, 0x00000000eb600000, 0x00000000eb700000|  0%| F|  |TAMS 0x00000000eb600000, 0x00000000eb600000| Untracked 
| 183|0x00000000eb700000, 0x00000000eb700000, 0x00000000eb800000|  0%| F|  |TAMS 0x00000000eb700000, 0x00000000eb700000| Untracked 
| 184|0x00000000eb800000, 0x00000000eb800000, 0x00000000eb900000|  0%| F|  |TAMS 0x00000000eb800000, 0x00000000eb800000| Untracked 
| 185|0x00000000eb900000, 0x00000000eb900000, 0x00000000eba00000|  0%| F|  |TAMS 0x00000000eb900000, 0x00000000eb900000| Untracked 
| 186|0x00000000eba00000, 0x00000000eba00000, 0x00000000ebb00000|  0%| F|  |TAMS 0x00000000eba00000, 0x00000000eba00000| Untracked 
| 187|0x00000000ebb00000, 0x00000000ebb00000, 0x00000000ebc00000|  0%| F|  |TAMS 0x00000000ebb00000, 0x00000000ebb00000| Untracked 
| 188|0x00000000ebc00000, 0x00000000ebc00000, 0x00000000ebd00000|  0%| F|  |TAMS 0x00000000ebc00000, 0x00000000ebc00000| Untracked 
| 189|0x00000000ebd00000, 0x00000000ebd00000, 0x00000000ebe00000|  0%| F|  |TAMS 0x00000000ebd00000, 0x00000000ebd00000| Untracked 
| 190|0x00000000ebe00000, 0x00000000ebe00000, 0x00000000ebf00000|  0%| F|  |TAMS 0x00000000ebe00000, 0x00000000ebe00000| Untracked 
| 191|0x00000000ebf00000, 0x00000000ebf00000, 0x00000000ec000000|  0%| F|  |TAMS 0x00000000ebf00000, 0x00000000ebf00000| Untracked 
| 192|0x00000000ec000000, 0x00000000ec100000, 0x00000000ec100000|100%| E|  |TAMS 0x00000000ec000000, 0x00000000ec000000| Complete 
| 193|0x00000000ec100000, 0x00000000ec200000, 0x00000000ec200000|100%| E|CS|TAMS 0x00000000ec100000, 0x00000000ec100000| Complete 
| 194|0x00000000ec200000, 0x00000000ec300000, 0x00000000ec300000|100%| E|CS|TAMS 0x00000000ec200000, 0x00000000ec200000| Complete 
| 195|0x00000000ec300000, 0x00000000ec400000, 0x00000000ec400000|100%| E|CS|TAMS 0x00000000ec300000, 0x00000000ec300000| Complete 
| 196|0x00000000ec400000, 0x00000000ec500000, 0x00000000ec500000|100%| E|CS|TAMS 0x00000000ec400000, 0x00000000ec400000| Complete 
| 197|0x00000000ec500000, 0x00000000ec600000, 0x00000000ec600000|100%| E|CS|TAMS 0x00000000ec500000, 0x00000000ec500000| Complete 
| 198|0x00000000ec600000, 0x00000000ec700000, 0x00000000ec700000|100%| E|CS|TAMS 0x00000000ec600000, 0x00000000ec600000| Complete 
| 199|0x00000000ec700000, 0x00000000ec800000, 0x00000000ec800000|100%| E|CS|TAMS 0x00000000ec700000, 0x00000000ec700000| Complete 
| 200|0x00000000ec800000, 0x00000000ec900000, 0x00000000ec900000|100%| E|CS|TAMS 0x00000000ec800000, 0x00000000ec800000| Complete 
| 201|0x00000000ec900000, 0x00000000eca00000, 0x00000000eca00000|100%| E|CS|TAMS 0x00000000ec900000, 0x00000000ec900000| Complete 
| 202|0x00000000eca00000, 0x00000000ecb00000, 0x00000000ecb00000|100%| E|CS|TAMS 0x00000000eca00000, 0x00000000eca00000| Complete 
| 203|0x00000000ecb00000, 0x00000000ecc00000, 0x00000000ecc00000|100%| E|CS|TAMS 0x00000000ecb00000, 0x00000000ecb00000| Complete 
| 204|0x00000000ecc00000, 0x00000000ecd00000, 0x00000000ecd00000|100%| E|CS|TAMS 0x00000000ecc00000, 0x00000000ecc00000| Complete 
| 205|0x00000000ecd00000, 0x00000000ece00000, 0x00000000ece00000|100%| E|CS|TAMS 0x00000000ecd00000, 0x00000000ecd00000| Complete 
| 206|0x00000000ece00000, 0x00000000ecf00000, 0x00000000ecf00000|100%| E|CS|TAMS 0x00000000ece00000, 0x00000000ece00000| Complete 
| 207|0x00000000ecf00000, 0x00000000ed000000, 0x00000000ed000000|100%| E|CS|TAMS 0x00000000ecf00000, 0x00000000ecf00000| Complete 
| 208|0x00000000ed000000, 0x00000000ed100000, 0x00000000ed100000|100%| E|CS|TAMS 0x00000000ed000000, 0x00000000ed000000| Complete 
| 209|0x00000000ed100000, 0x00000000ed200000, 0x00000000ed200000|100%| E|CS|TAMS 0x00000000ed100000, 0x00000000ed100000| Complete 
| 210|0x00000000ed200000, 0x00000000ed300000, 0x00000000ed300000|100%| E|CS|TAMS 0x00000000ed200000, 0x00000000ed200000| Complete 
| 211|0x00000000ed300000, 0x00000000ed400000, 0x00000000ed400000|100%| E|CS|TAMS 0x00000000ed300000, 0x00000000ed300000| Complete 
| 212|0x00000000ed400000, 0x00000000ed500000, 0x00000000ed500000|100%| E|CS|TAMS 0x00000000ed400000, 0x00000000ed400000| Complete 
| 213|0x00000000ed500000, 0x00000000ed600000, 0x00000000ed600000|100%| E|CS|TAMS 0x00000000ed500000, 0x00000000ed500000| Complete 
| 214|0x00000000ed600000, 0x00000000ed700000, 0x00000000ed700000|100%| E|CS|TAMS 0x00000000ed600000, 0x00000000ed600000| Complete 
| 215|0x00000000ed700000, 0x00000000ed800000, 0x00000000ed800000|100%| E|CS|TAMS 0x00000000ed700000, 0x00000000ed700000| Complete 
| 216|0x00000000ed800000, 0x00000000ed900000, 0x00000000ed900000|100%| E|CS|TAMS 0x00000000ed800000, 0x00000000ed800000| Complete 
| 217|0x00000000ed900000, 0x00000000eda00000, 0x00000000eda00000|100%| E|CS|TAMS 0x00000000ed900000, 0x00000000ed900000| Complete 
| 218|0x00000000eda00000, 0x00000000edb00000, 0x00000000edb00000|100%| E|CS|TAMS 0x00000000eda00000, 0x00000000eda00000| Complete 
| 219|0x00000000edb00000, 0x00000000edc00000, 0x00000000edc00000|100%| E|CS|TAMS 0x00000000edb00000, 0x00000000edb00000| Complete 
| 220|0x00000000edc00000, 0x00000000edd00000, 0x00000000edd00000|100%| S|CS|TAMS 0x00000000edc00000, 0x00000000edc00000| Complete 
| 221|0x00000000edd00000, 0x00000000ede00000, 0x00000000ede00000|100%| S|CS|TAMS 0x00000000edd00000, 0x00000000edd00000| Complete 
| 222|0x00000000ede00000, 0x00000000edf00000, 0x00000000edf00000|100%| S|CS|TAMS 0x00000000ede00000, 0x00000000ede00000| Complete 
| 223|0x00000000edf00000, 0x00000000ee000000, 0x00000000ee000000|100%| S|CS|TAMS 0x00000000edf00000, 0x00000000edf00000| Complete 
| 224|0x00000000ee000000, 0x00000000ee100000, 0x00000000ee100000|100%| E|CS|TAMS 0x00000000ee000000, 0x00000000ee000000| Complete 
| 225|0x00000000ee100000, 0x00000000ee200000, 0x00000000ee200000|100%| E|CS|TAMS 0x00000000ee100000, 0x00000000ee100000| Complete 
| 226|0x00000000ee200000, 0x00000000ee300000, 0x00000000ee300000|100%| E|CS|TAMS 0x00000000ee200000, 0x00000000ee200000| Complete 
| 227|0x00000000ee300000, 0x00000000ee400000, 0x00000000ee400000|100%| E|CS|TAMS 0x00000000ee300000, 0x00000000ee300000| Complete 
| 228|0x00000000ee400000, 0x00000000ee500000, 0x00000000ee500000|100%| E|CS|TAMS 0x00000000ee400000, 0x00000000ee400000| Complete 
| 229|0x00000000ee500000, 0x00000000ee600000, 0x00000000ee600000|100%| E|CS|TAMS 0x00000000ee500000, 0x00000000ee500000| Complete 
| 230|0x00000000ee600000, 0x00000000ee700000, 0x00000000ee700000|100%| E|CS|TAMS 0x00000000ee600000, 0x00000000ee600000| Complete 
| 231|0x00000000ee700000, 0x00000000ee800000, 0x00000000ee800000|100%| E|CS|TAMS 0x00000000ee700000, 0x00000000ee700000| Complete 
| 232|0x00000000ee800000, 0x00000000ee900000, 0x00000000ee900000|100%| E|CS|TAMS 0x00000000ee800000, 0x00000000ee800000| Complete 
| 233|0x00000000ee900000, 0x00000000eea00000, 0x00000000eea00000|100%| E|CS|TAMS 0x00000000ee900000, 0x00000000ee900000| Complete 
| 234|0x00000000eea00000, 0x00000000eeb00000, 0x00000000eeb00000|100%| E|CS|TAMS 0x00000000eea00000, 0x00000000eea00000| Complete 
| 235|0x00000000eeb00000, 0x00000000eec00000, 0x00000000eec00000|100%| E|CS|TAMS 0x00000000eeb00000, 0x00000000eeb00000| Complete 
| 236|0x00000000eec00000, 0x00000000eed00000, 0x00000000eed00000|100%| E|CS|TAMS 0x00000000eec00000, 0x00000000eec00000| Complete 
| 237|0x00000000eed00000, 0x00000000eee00000, 0x00000000eee00000|100%| E|CS|TAMS 0x00000000eed00000, 0x00000000eed00000| Complete 
| 238|0x00000000eee00000, 0x00000000eef00000, 0x00000000eef00000|100%| E|CS|TAMS 0x00000000eee00000, 0x00000000eee00000| Complete 
| 239|0x00000000eef00000, 0x00000000ef000000, 0x00000000ef000000|100%| E|CS|TAMS 0x00000000eef00000, 0x00000000eef00000| Complete 
| 240|0x00000000ef000000, 0x00000000ef100000, 0x00000000ef100000|100%| E|CS|TAMS 0x00000000ef000000, 0x00000000ef000000| Complete 
| 241|0x00000000ef100000, 0x00000000ef200000, 0x00000000ef200000|100%| E|CS|TAMS 0x00000000ef100000, 0x00000000ef100000| Complete 
| 242|0x00000000ef200000, 0x00000000ef300000, 0x00000000ef300000|100%| E|CS|TAMS 0x00000000ef200000, 0x00000000ef200000| Complete 
| 243|0x00000000ef300000, 0x00000000ef400000, 0x00000000ef400000|100%| E|CS|TAMS 0x00000000ef300000, 0x00000000ef300000| Complete 
| 244|0x00000000ef400000, 0x00000000ef500000, 0x00000000ef500000|100%| E|CS|TAMS 0x00000000ef400000, 0x00000000ef400000| Complete 
| 245|0x00000000ef500000, 0x00000000ef600000, 0x00000000ef600000|100%| E|CS|TAMS 0x00000000ef500000, 0x00000000ef500000| Complete 
| 246|0x00000000ef600000, 0x00000000ef700000, 0x00000000ef700000|100%| E|CS|TAMS 0x00000000ef600000, 0x00000000ef600000| Complete 
| 247|0x00000000ef700000, 0x00000000ef800000, 0x00000000ef800000|100%| E|CS|TAMS 0x00000000ef700000, 0x00000000ef700000| Complete 
| 248|0x00000000ef800000, 0x00000000ef900000, 0x00000000ef900000|100%| E|CS|TAMS 0x00000000ef800000, 0x00000000ef800000| Complete 
| 249|0x00000000ef900000, 0x00000000efa00000, 0x00000000efa00000|100%| E|CS|TAMS 0x00000000ef900000, 0x00000000ef900000| Complete 
| 250|0x00000000efa00000, 0x00000000efb00000, 0x00000000efb00000|100%| E|CS|TAMS 0x00000000efa00000, 0x00000000efa00000| Complete 
| 251|0x00000000efb00000, 0x00000000efc00000, 0x00000000efc00000|100%| E|CS|TAMS 0x00000000efb00000, 0x00000000efb00000| Complete 
| 252|0x00000000efc00000, 0x00000000efd00000, 0x00000000efd00000|100%| E|CS|TAMS 0x00000000efc00000, 0x00000000efc00000| Complete 
| 253|0x00000000efd00000, 0x00000000efe00000, 0x00000000efe00000|100%| E|CS|TAMS 0x00000000efd00000, 0x00000000efd00000| Complete 
| 254|0x00000000efe00000, 0x00000000eff00000, 0x00000000eff00000|100%| E|CS|TAMS 0x00000000efe00000, 0x00000000efe00000| Complete 
| 255|0x00000000eff00000, 0x00000000f0000000, 0x00000000f0000000|100%| E|CS|TAMS 0x00000000eff00000, 0x00000000eff00000| Complete 

Card table byte_map: [0x000001b4f1330000,0x000001b4f1430000] _byte_map_base: 0x000001b4f0c30000

Marking Bits (Prev, Next): (CMBitMap*) 0x000001b4d9d3a100, (CMBitMap*) 0x000001b4d9d3a140
 Prev Bits: [0x000001b4f1530000, 0x000001b4f1d30000)
 Next Bits: [0x000001b4f1d30000, 0x000001b4f2530000)

Polling page: 0x000001b4d94e0000

Metaspace:

Usage:
  Non-class:     13.95 MB used.
      Class:      2.27 MB used.
       Both:     16.22 MB used.

Virtual space:
  Non-class space:       64.00 MB reserved,      14.19 MB ( 22%) committed,  1 nodes.
      Class space:      308.00 MB reserved,       2.50 MB ( <1%) committed,  1 nodes.
             Both:      372.00 MB reserved,      16.69 MB (  4%) committed. 

Chunk freelists:
   Non-Class:  1.70 MB
       Class:  1.48 MB
        Both:  3.19 MB

MaxMetaspaceSize: 384.00 MB
CompressedClassSpaceSize: 308.00 MB
Initial GC threshold: 21.00 MB
Current GC threshold: 21.00 MB
CDS: on
MetaspaceReclaimPolicy: balanced
 - commit_granule_bytes: 65536.
 - commit_granule_words: 8192.
 - virtual_space_node_default_size: 8388608.
 - enlarge_chunks_in_place: 1.
 - new_chunks_are_fully_committed: 0.
 - uncommit_free_chunks: 1.
 - use_allocation_guard: 0.


Internal statistics:

num_allocs_failed_limit: 0.
num_arena_births: 678.
num_arena_deaths: 0.
num_vsnodes_births: 2.
num_vsnodes_deaths: 0.
num_space_committed: 267.
num_space_uncommitted: 0.
num_chunks_returned_to_freelist: 0.
num_chunks_taken_from_freelist: 1324.
num_chunk_merges: 0.
num_chunk_splits: 849.
num_chunks_enlarged: 548.
num_inconsistent_stats: 0.

CodeHeap 'non-profiled nmethods': size=120000Kb used=1154Kb max_used=1154Kb free=118845Kb
 bounds [0x000001b4e99d0000, 0x000001b4e9c40000, 0x000001b4f0f00000]
CodeHeap 'profiled nmethods': size=120000Kb used=5067Kb max_used=5067Kb free=114932Kb
 bounds [0x000001b4e1f00000, 0x000001b4e2400000, 0x000001b4e9430000]
CodeHeap 'non-nmethods': size=5760Kb used=1324Kb max_used=1387Kb free=4435Kb
 bounds [0x000001b4e9430000, 0x000001b4e96a0000, 0x000001b4e99d0000]
 total_blobs=3066 nmethods=2513 adapters=463
 compilation: enabled
              stopped_count=0, restarted_count=0
 full_count=0

Compilation events (20 events):
Event: 1.545 Thread 0x000001b4f4f99590 2506       3       sun.reflect.generics.parser.SignatureParser::init (16 bytes)
Event: 1.545 Thread 0x000001b4f4f99590 nmethod 2506 0x000001b4e23eb310 code [0x000001b4e23eb4a0, 0x000001b4e23eb5f8]
Event: 1.546 Thread 0x000001b4f4f99590 2507       3       org.gradle.internal.service.DefaultServiceRegistry$SingletonService::getAll (23 bytes)
Event: 1.546 Thread 0x000001b4f4f99590 nmethod 2507 0x000001b4e23eb690 code [0x000001b4e23eb860, 0x000001b4e23ebae8]
Event: 1.548 Thread 0x000001b4f4f99590 2508       3       java.util.LinkedList::checkPositionIndex (22 bytes)
Event: 1.548 Thread 0x000001b4f4f99590 nmethod 2508 0x000001b4e23ebc10 code [0x000001b4e23ebe80, 0x000001b4e23ec748]
Event: 1.548 Thread 0x000001b4f4f99590 2509       3       java.util.LinkedList::isPositionIndex (18 bytes)
Event: 1.548 Thread 0x000001b4f4f99590 nmethod 2509 0x000001b4e23eca90 code [0x000001b4e23ecc20, 0x000001b4e23ecdb8]
Event: 1.553 Thread 0x000001b4f4f99590 2511       3       org.gradle.internal.service.RelevantMethodsBuilder::add (104 bytes)
Event: 1.554 Thread 0x000001b4f4f99590 nmethod 2511 0x000001b4e23ece90 code [0x000001b4e23ed140, 0x000001b4e23edd78]
Event: 1.554 Thread 0x000001b4f4f99590 2512       3       java.util.LinkedList$ListItr::remove (84 bytes)
Event: 1.554 Thread 0x000001b4f4f99590 nmethod 2512 0x000001b4e23ee310 code [0x000001b4e23ee500, 0x000001b4e23ee9e8]
Event: 1.554 Thread 0x000001b4f4f99590 2514       3       jdk.internal.misc.Unsafe::ensureClassInitialized (18 bytes)
Event: 1.554 Thread 0x000001b4f4f99590 nmethod 2514 0x000001b4e23eec10 code [0x000001b4e23eedc0, 0x000001b4e23eeff8]
Event: 1.554 Thread 0x000001b4f4f99590 2515       3       org.gradle.internal.service.DefaultServiceMethodFactory::toServiceMethod (11 bytes)
Event: 1.554 Thread 0x000001b4f4f99590 nmethod 2515 0x000001b4e23ef110 code [0x000001b4e23ef2c0, 0x000001b4e23ef488]
Event: 1.554 Thread 0x000001b4f4f99590 2516   !   3       org.gradle.internal.service.MethodHandleBasedServiceMethodFactory::toServiceMethod (51 bytes)
Event: 1.555 Thread 0x000001b4f4f99590 nmethod 2516 0x000001b4e23ef590 code [0x000001b4e23ef8e0, 0x000001b4e23f0db8]
Event: 1.555 Thread 0x000001b4f4f99590 2517       3       java.lang.reflect.Method::getGenericParameterTypes (5 bytes)
Event: 1.556 Thread 0x000001b4f4f99590 nmethod 2517 0x000001b4e23f1410 code [0x000001b4e23f16c0, 0x000001b4e23f2778]

GC Heap History (4 events):
Event: 0.400 GC heap before
{Heap before GC invocations=0 (full 0):
 garbage-first heap   total 262144K, used 26624K [0x00000000e0000000, 0x0000000100000000)
  region size 1024K, 23 young (23552K), 0 survivors (0K)
 Metaspace       used 3067K, committed 3264K, reserved 380928K
  class space    used 375K, committed 448K, reserved 315392K
}
Event: 0.402 GC heap after
{Heap after GC invocations=1 (full 0):
 garbage-first heap   total 262144K, used 10361K [0x00000000e0000000, 0x0000000100000000)
  region size 1024K, 3 young (3072K), 3 survivors (3072K)
 Metaspace       used 3067K, committed 3264K, reserved 380928K
  class space    used 375K, committed 448K, reserved 315392K
}
Event: 0.659 GC heap before
{Heap before GC invocations=1 (full 0):
 garbage-first heap   total 262144K, used 40057K [0x00000000e0000000, 0x0000000100000000)
  region size 1024K, 32 young (32768K), 3 survivors (3072K)
 Metaspace       used 3983K, committed 4160K, reserved 380928K
  class space    used 469K, committed 576K, reserved 315392K
}
Event: 0.662 GC heap after
{Heap after GC invocations=2 (full 0):
 garbage-first heap   total 262144K, used 14702K [0x00000000e0000000, 0x0000000100000000)
  region size 1024K, 4 young (4096K), 4 survivors (4096K)
 Metaspace       used 3983K, committed 4160K, reserved 380928K
  class space    used 469K, committed 576K, reserved 315392K
}

Dll operation events (13 events):
Event: 0.003 Loaded shared library C:\Users\Admin\.jdks\corretto-19.0.2\bin\java.dll
Event: 0.016 Loaded shared library C:\Users\Admin\.jdks\corretto-19.0.2\bin\jsvml.dll
Event: 0.059 Loaded shared library C:\Users\Admin\.jdks\corretto-19.0.2\bin\net.dll
Event: 0.060 Loaded shared library C:\Users\Admin\.jdks\corretto-19.0.2\bin\nio.dll
Event: 0.064 Loaded shared library C:\Users\Admin\.jdks\corretto-19.0.2\bin\zip.dll
Event: 0.191 Loaded shared library C:\Users\Admin\.jdks\corretto-19.0.2\bin\jimage.dll
Event: 0.228 Loaded shared library C:\Users\Admin\.jdks\corretto-19.0.2\bin\verify.dll
Event: 0.315 Loaded shared library C:\Users\Admin\.gradle\native\68d5fa5c4cc2d200863cafc0d521ce42e7d3e7ee720ec0a83991735586a16f82\windows-amd64\native-platform.dll
Event: 0.318 Loaded shared library C:\Users\Admin\.gradle\native\e376f236ea51e6404a007f0833ffe2c6e607c4080706a723a18a27aeea778392\windows-amd64\native-platform-file-events.dll
Event: 0.776 Loaded shared library C:\Users\Admin\.jdks\corretto-19.0.2\bin\management.dll
Event: 0.777 Loaded shared library C:\Users\Admin\.jdks\corretto-19.0.2\bin\management_ext.dll
Event: 0.925 Loaded shared library C:\Users\Admin\.jdks\corretto-19.0.2\bin\extnet.dll
Event: 1.073 Loaded shared library C:\Users\Admin\.jdks\corretto-19.0.2\bin\sunmscapi.dll

Deoptimization events (20 events):
Event: 1.293 Thread 0x000001b4faca75c0 Uncommon trap: trap_request=0xffffff45 fr.pc=0x000001b4e99e76e8 relative=0x0000000000000488
Event: 1.293 Thread 0x000001b4faca75c0 Uncommon trap: reason=unstable_if action=reinterpret pc=0x000001b4e99e76e8 method=java.util.regex.Matcher.match(II)Z @ 76 c2
Event: 1.293 Thread 0x000001b4faca75c0 DEOPT PACKING pc=0x000001b4e99e76e8 sp=0x0000001d75efb210
Event: 1.293 Thread 0x000001b4faca75c0 DEOPT UNPACKING pc=0x000001b4e9496da3 sp=0x0000001d75efb1e0 mode 2
Event: 1.304 Thread 0x000001b4faca75c0 Uncommon trap: trap_request=0xffffff45 fr.pc=0x000001b4e9a5dbd4 relative=0x0000000000000814
Event: 1.304 Thread 0x000001b4faca75c0 Uncommon trap: reason=unstable_if action=reinterpret pc=0x000001b4e9a5dbd4 method=java.util.ArrayList.grow(I)[Ljava/lang/Object; @ 17 c2
Event: 1.304 Thread 0x000001b4faca75c0 DEOPT PACKING pc=0x000001b4e9a5dbd4 sp=0x0000001d75efd430
Event: 1.304 Thread 0x000001b4faca75c0 DEOPT UNPACKING pc=0x000001b4e9496da3 sp=0x0000001d75efd2c8 mode 2
Event: 1.328 Thread 0x000001b4faca75c0 Uncommon trap: trap_request=0xffffff45 fr.pc=0x000001b4e99eb45c relative=0x0000000000000c3c
Event: 1.328 Thread 0x000001b4faca75c0 Uncommon trap: reason=unstable_if action=reinterpret pc=0x000001b4e99eb45c method=java.io.WinNTFileSystem.resolve(Ljava/lang/String;Ljava/lang/String;)Ljava/lang/String; @ 19 c2
Event: 1.328 Thread 0x000001b4faca75c0 DEOPT PACKING pc=0x000001b4e99eb45c sp=0x0000001d75efd1d0
Event: 1.328 Thread 0x000001b4faca75c0 DEOPT UNPACKING pc=0x000001b4e9496da3 sp=0x0000001d75efd168 mode 2
Event: 1.329 Thread 0x000001b4faca75c0 Uncommon trap: trap_request=0xffffff45 fr.pc=0x000001b4e9a36854 relative=0x0000000000000614
Event: 1.329 Thread 0x000001b4faca75c0 Uncommon trap: reason=unstable_if action=reinterpret pc=0x000001b4e9a36854 method=java.io.File.getName()Ljava/lang/String; @ 16 c2
Event: 1.329 Thread 0x000001b4faca75c0 DEOPT PACKING pc=0x000001b4e9a36854 sp=0x0000001d75efd180
Event: 1.329 Thread 0x000001b4faca75c0 DEOPT UNPACKING pc=0x000001b4e9496da3 sp=0x0000001d75efd150 mode 2
Event: 1.350 Thread 0x000001b4faca75c0 Uncommon trap: trap_request=0xffffffcc fr.pc=0x000001b4e9ad7384 relative=0x0000000000000364
Event: 1.350 Thread 0x000001b4faca75c0 Uncommon trap: reason=intrinsic_or_type_checked_inlining action=make_not_entrant pc=0x000001b4e9ad7384 method=java.util.Arrays.copyOf([Ljava/lang/Object;ILjava/lang/Class;)[Ljava/lang/Object; @ 35 c2
Event: 1.350 Thread 0x000001b4faca75c0 DEOPT PACKING pc=0x000001b4e9ad7384 sp=0x0000001d75efcb80
Event: 1.350 Thread 0x000001b4faca75c0 DEOPT UNPACKING pc=0x000001b4e9496da3 sp=0x0000001d75efcb28 mode 2

Classes loaded (20 events):
Event: 1.474 Loading class java/nio/file/attribute/PosixFilePermissions$1
Event: 1.474 Loading class java/nio/file/attribute/PosixFilePermissions$1 done
Event: 1.476 Loading class java/util/concurrent/Semaphore
Event: 1.477 Loading class java/util/concurrent/Semaphore done
Event: 1.478 Loading class java/nio/file/FileVisitOption
Event: 1.478 Loading class java/nio/file/FileVisitOption done
Event: 1.480 Loading class java/util/stream/ReduceOps$1
Event: 1.481 Loading class java/util/stream/ReduceOps$1 done
Event: 1.481 Loading class java/util/stream/ReduceOps$1ReducingSink
Event: 1.481 Loading class java/util/stream/ReduceOps$1ReducingSink done
Event: 1.490 Loading class java/io/ObjectOutputStream
Event: 1.491 Loading class java/io/ObjectOutput
Event: 1.491 Loading class java/io/ObjectOutput done
Event: 1.491 Loading class java/io/ObjectStreamConstants
Event: 1.491 Loading class java/io/ObjectStreamConstants done
Event: 1.491 Loading class java/io/ObjectOutputStream done
Event: 1.492 Loading class java/io/ObjectInputStream
Event: 1.492 Loading class java/io/ObjectInput
Event: 1.492 Loading class java/io/ObjectInput done
Event: 1.492 Loading class java/io/ObjectInputStream done

Classes unloaded (0 events):
No events

Classes redefined (0 events):
No events

Internal exceptions (20 events):
Event: 1.346 Thread 0x000001b4faca75c0 Exception <a 'java/lang/NoSuchMethodError'{0x00000000ecf19b80}: 'java.lang.Object java.lang.invoke.DirectMethodHandle$Holder.invokeStatic(java.lang.Object, java.lang.Object, java.lang.Object, java.lang.Object, java.lang.Object, java.lang.Object, java.lang.Object, java.lang.Object, java.lang.Object, java.lang.Object, java.lang.Object, java.lang.Object, java.lang.Object, java.lang.Object, java.lang.Object, java.lang.Object)'> (0x00000000ecf19b80) 
thrown [s\src\hotspot\share\interpreter\linkResolver.cpp, lin
Event: 1.347 Thread 0x000001b4faca75c0 Exception <a 'java/lang/NoSuchMethodError'{0x00000000ecf3ff30}: 'java.lang.Object java.lang.invoke.DirectMethodHandle$Holder.invokeStatic(java.lang.Object, java.lang.Object, java.lang.Object, java.lang.Object, java.lang.Object, java.lang.Object, java.lang.Object, java.lang.Object, java.lang.Object, java.lang.Object, java.lang.Object, java.lang.Object, java.lang.Object, java.lang.Object, java.lang.Object, java.lang.Object, java.lang.Object)'> (0x00000000ecf3ff30) 
thrown [s\src\hotspot\share\interpreter\lin
Event: 1.348 Thread 0x000001b4faca75c0 Exception <a 'java/lang/NoSuchMethodError'{0x00000000ecf674b8}: 'java.lang.Object java.lang.invoke.DirectMethodHandle$Holder.invokeStatic(java.lang.Object, java.lang.Object, java.lang.Object, java.lang.Object, java.lang.Object, java.lang.Object, java.lang.Object, java.lang.Object, java.lang.Object, java.lang.Object, java.lang.Object, java.lang.Object, java.lang.Object, java.lang.Object, java.lang.Object, java.lang.Object, java.lang.Object, java.lang.Object)'> (0x00000000ecf674b8) 
thrown [s\src\hotspot\sha
Event: 1.349 Thread 0x000001b4faca75c0 Exception <a 'java/lang/NoSuchMethodError'{0x00000000ecf906a0}: 'java.lang.Object java.lang.invoke.DirectMethodHandle$Holder.invokeStatic(java.lang.Object, java.lang.Object, java.lang.Object, java.lang.Object, java.lang.Object, java.lang.Object, java.lang.Object, java.lang.Object, java.lang.Object, java.lang.Object, java.lang.Object, java.lang.Object, java.lang.Object, java.lang.Object, java.lang.Object, java.lang.Object, java.lang.Object, java.lang.Object, java.lang.Object)'> (0x00000000ecf906a0) 
thrown 
Event: 1.350 Thread 0x000001b4faca75c0 Exception <a 'java/lang/NoSuchMethodError'{0x00000000ecfba178}: 'java.lang.Object java.lang.invoke.DirectMethodHandle$Holder.invokeStatic(java.lang.Object, java.lang.Object, java.lang.Object, java.lang.Object, java.lang.Object, java.lang.Object, java.lang.Object, java.lang.Object, java.lang.Object, java.lang.Object, java.lang.Object, java.lang.Object, java.lang.Object, java.lang.Object, java.lang.Object, java.lang.Object, java.lang.Object, java.lang.Object, java.lang.Object, java.lang.Object)'> (0x00000000
Event: 1.351 Thread 0x000001b4faca75c0 Exception <a 'java/lang/NoSuchMethodError'{0x00000000ecfe4c78}: 'java.lang.Object java.lang.invoke.DirectMethodHandle$Holder.invokeStatic(java.lang.Object, java.lang.Object, java.lang.Object, java.lang.Object, java.lang.Object, java.lang.Object, java.lang.Object, java.lang.Object, java.lang.Object, java.lang.Object, java.lang.Object, java.lang.Object, java.lang.Object, java.lang.Object, java.lang.Object, java.lang.Object, java.lang.Object, java.lang.Object, java.lang.Object, java.lang.Object, java.lang.Obj
Event: 1.352 Thread 0x000001b4faca75c0 Exception <a 'java/lang/NoSuchMethodError'{0x00000000ece106b0}: 'java.lang.Object java.lang.invoke.DirectMethodHandle$Holder.invokeStatic(java.lang.Object, java.lang.Object, java.lang.Object, java.lang.Object, java.lang.Object, java.lang.Object, java.lang.Object, java.lang.Object, java.lang.Object, java.lang.Object, java.lang.Object, java.lang.Object, java.lang.Object, java.lang.Object, java.lang.Object, java.lang.Object, java.lang.Object, java.lang.Object, java.lang.Object, java.lang.Object, java.lang.Obj
Event: 1.353 Thread 0x000001b4faca75c0 Exception <a 'java/lang/NoSuchMethodError'{0x00000000ece3ca48}: 'java.lang.Object java.lang.invoke.DirectMethodHandle$Holder.invokeStatic(java.lang.Object, java.lang.Object, java.lang.Object, java.lang.Object, java.lang.Object, java.lang.Object, java.lang.Object, java.lang.Object, java.lang.Object, java.lang.Object, java.lang.Object, java.lang.Object, java.lang.Object, java.lang.Object, java.lang.Object, java.lang.Object, java.lang.Object, java.lang.Object, java.lang.Object, java.lang.Object, java.lang.Obj
Event: 1.354 Thread 0x000001b4faca75c0 Exception <a 'java/lang/NoSuchMethodError'{0x00000000ece69748}: 'java.lang.Object java.lang.invoke.DirectMethodHandle$Holder.invokeStatic(java.lang.Object, java.lang.Object, java.lang.Object, java.lang.Object, java.lang.Object, java.lang.Object, java.lang.Object, java.lang.Object, java.lang.Object, java.lang.Object, java.lang.Object, java.lang.Object, java.lang.Object, java.lang.Object, java.lang.Object, java.lang.Object, java.lang.Object, java.lang.Object, java.lang.Object, java.lang.Object, java.lang.Obj
Event: 1.355 Thread 0x000001b4faca75c0 Exception <a 'java/lang/NoSuchMethodError'{0x00000000ece985e0}: 'java.lang.Object java.lang.invoke.DirectMethodHandle$Holder.invokeStatic(java.lang.Object, java.lang.Object, java.lang.Object, java.lang.Object, java.lang.Object, java.lang.Object, java.lang.Object, java.lang.Object, java.lang.Object, java.lang.Object, java.lang.Object, java.lang.Object, java.lang.Object, java.lang.Object, java.lang.Object, java.lang.Object, java.lang.Object, java.lang.Object, java.lang.Object, java.lang.Object, java.lang.Obj
Event: 1.439 Thread 0x000001b4faca75c0 Exception <a 'java/lang/IncompatibleClassChangeError'{0x00000000ec813d30}: Found class java.lang.Object, but interface was expected> (0x00000000ec813d30) 
thrown [s\src\hotspot\share\interpreter\linkResolver.cpp, line 841]
Event: 1.479 Thread 0x000001b4faca75c0 Exception <a 'java/lang/NoSuchMethodError'{0x00000000ec678c68}: 'int java.lang.invoke.DirectMethodHandle$Holder.invokeSpecialIFC(java.lang.Object, java.lang.Object, java.lang.Object, java.lang.Object)'> (0x00000000ec678c68) 
thrown [s\src\hotspot\share\interpreter\linkResolver.cpp, line 774]
Event: 1.480 Thread 0x000001b4faca75c0 Exception <a 'java/lang/NoSuchMethodError'{0x00000000ec688278}: 'java.lang.Object java.lang.invoke.DirectMethodHandle$Holder.invokeInterface(java.lang.Object, java.lang.Object, java.lang.Object)'> (0x00000000ec688278) 
thrown [s\src\hotspot\share\interpreter\linkResolver.cpp, line 774]
Event: 1.480 Thread 0x000001b4faca75c0 Exception <a 'java/lang/IncompatibleClassChangeError'{0x00000000ec68bea8}: Found class java.lang.Object, but interface was expected> (0x00000000ec68bea8) 
thrown [s\src\hotspot\share\interpreter\linkResolver.cpp, line 841]
Event: 1.482 Thread 0x000001b4faca75c0 Exception <a 'java/lang/NoSuchMethodError'{0x00000000ec6a38a0}: 'java.lang.Object java.lang.invoke.DirectMethodHandle$Holder.newInvokeSpecial(java.lang.Object, java.lang.Object, java.lang.Object, java.lang.Object, java.lang.Object, java.lang.Object, java.lang.Object, java.lang.Object, java.lang.Object, java.lang.Object)'> (0x00000000ec6a38a0) 
thrown [s\src\hotspot\share\interpreter\linkResolver.cpp, line 774]
Event: 1.499 Thread 0x000001b4faca75c0 Exception <a 'java/lang/NoSuchMethodError'{0x00000000ec5b58c8}: 'java.lang.Object java.lang.invoke.DirectMethodHandle$Holder.invokeVirtual(java.lang.Object, java.lang.Object, java.lang.Object, java.lang.Object, java.lang.Object, java.lang.Object, java.lang.Object, java.lang.Object, java.lang.Object, java.lang.Object, java.lang.Object, java.lang.Object, java.lang.Object, java.lang.Object, java.lang.Object, java.lang.Object, java.lang.Object, java.lang.Object, java.lang.Object, java.lang.Object, java.lang.Ob
Event: 1.499 Thread 0x000001b4faca75c0 Exception <a 'java/lang/NoSuchMethodError'{0x00000000ec5bb838}: 'java.lang.Object java.lang.invoke.DirectMethodHandle$Holder.invokeSpecial(java.lang.Object, java.lang.Object, java.lang.Object, java.lang.Object, java.lang.Object, java.lang.Object, java.lang.Object, java.lang.Object, java.lang.Object, java.lang.Object, java.lang.Object, java.lang.Object, java.lang.Object, java.lang.Object, java.lang.Object, java.lang.Object, java.lang.Object, java.lang.Object, java.lang.Object, java.lang.Object, java.lang.Ob
Event: 1.499 Thread 0x000001b4faca75c0 Exception <a 'java/lang/NoSuchMethodError'{0x00000000ec5c0ef8}: 'java.lang.Object java.lang.invoke.DelegatingMethodHandle$Holder.reinvoke_L(java.lang.Object, java.lang.Object, java.lang.Object, java.lang.Object, java.lang.Object, java.lang.Object, java.lang.Object, java.lang.Object, java.lang.Object, java.lang.Object, java.lang.Object, java.lang.Object, java.lang.Object, java.lang.Object, java.lang.Object, java.lang.Object, java.lang.Object, java.lang.Object, java.lang.Object, java.lang.Object, java.lang.O
Event: 1.505 Thread 0x000001b4faca75c0 Exception <a 'java/lang/NoSuchMethodError'{0x00000000ec471440}: 'int java.lang.invoke.DirectMethodHandle$Holder.invokeStatic(java.lang.Object, java.lang.Object, java.lang.Object, java.lang.Object)'> (0x00000000ec471440) 
thrown [s\src\hotspot\share\interpreter\linkResolver.cpp, line 774]
Event: 1.553 Thread 0x000001b4faca75c0 Exception <a 'java/lang/NoSuchMethodError'{0x00000000ec141118}: 'java.lang.Object java.lang.invoke.DirectMethodHandle$Holder.invokeSpecial(java.lang.Object, java.lang.Object, java.lang.Object, java.lang.Object, java.lang.Object, java.lang.Object, java.lang.Object, java.lang.Object, java.lang.Object, java.lang.Object, java.lang.Object, java.lang.Object, java.lang.Object, java.lang.Object, java.lang.Object, java.lang.Object, java.lang.Object, java.lang.Object, java.lang.Object, java.lang.Object, java.lang.Ob

VM Operations (20 events):
Event: 0.914 Executing VM operation: HandshakeAllThreads
Event: 0.914 Executing VM operation: HandshakeAllThreads done
Event: 1.036 Executing VM operation: HandshakeAllThreads
Event: 1.036 Executing VM operation: HandshakeAllThreads done
Event: 1.061 Executing VM operation: HandshakeAllThreads
Event: 1.061 Executing VM operation: HandshakeAllThreads done
Event: 1.077 Executing VM operation: ICBufferFull
Event: 1.077 Executing VM operation: ICBufferFull done
Event: 1.283 Executing VM operation: HandshakeAllThreads
Event: 1.283 Executing VM operation: HandshakeAllThreads done
Event: 1.331 Executing VM operation: HandshakeAllThreads
Event: 1.331 Executing VM operation: HandshakeAllThreads done
Event: 1.332 Executing VM operation: HandshakeAllThreads
Event: 1.332 Executing VM operation: HandshakeAllThreads done
Event: 1.359 Executing VM operation: HandshakeAllThreads
Event: 1.359 Executing VM operation: HandshakeAllThreads done
Event: 1.359 Executing VM operation: HandshakeAllThreads
Event: 1.359 Executing VM operation: HandshakeAllThreads done
Event: 1.541 Executing VM operation: ICBufferFull
Event: 1.541 Executing VM operation: ICBufferFull done

Events (20 events):
Event: 0.026 Thread 0x000001b4f4f827f0 Thread added: 0x000001b4f4f827f0
Event: 0.026 Thread 0x000001b4f4f8d430 Thread added: 0x000001b4f4f8d430
Event: 0.026 Thread 0x000001b4f4f99590 Thread added: 0x000001b4f4f99590
Event: 0.026 Thread 0x000001b4f4f9d540 Thread added: 0x000001b4f4f9d540
Event: 0.051 Thread 0x000001b4f9225ee0 Thread added: 0x000001b4f9225ee0
Event: 0.054 Thread 0x000001b4f922ae60 Thread added: 0x000001b4f922ae60
Event: 0.195 Thread 0x000001b4f93418f0 Thread added: 0x000001b4f93418f0
Event: 0.797 Thread 0x000001b4fa9da0c0 Thread added: 0x000001b4fa9da0c0
Event: 1.024 Thread 0x000001b4fa9bf8a0 Thread added: 0x000001b4fa9bf8a0
Event: 1.055 Thread 0x000001b4fa953020 Thread added: 0x000001b4fa953020
Event: 1.081 Thread 0x000001b4faa44d30 Thread added: 0x000001b4faa44d30
Event: 1.083 Thread 0x000001b4faa49c70 Thread added: 0x000001b4faa49c70
Event: 1.096 Thread 0x000001b4fab540d0 Thread added: 0x000001b4fab540d0
Event: 1.099 Thread 0x000001b4faca75c0 Thread added: 0x000001b4faca75c0
Event: 1.104 Thread 0x000001b4faca5090 Thread added: 0x000001b4faca5090
Event: 1.105 Thread 0x000001b4faca4b40 Thread added: 0x000001b4faca4b40
Event: 1.108 Thread 0x000001b4faca65d0 Thread added: 0x000001b4faca65d0
Event: 1.283 Thread 0x000001b4faca55e0 Thread added: 0x000001b4faca55e0
Event: 1.288 Thread 0x000001b4faca45f0 Thread added: 0x000001b4faca45f0
Event: 1.457 Thread 0x000001b4faca40a0 Thread added: 0x000001b4faca40a0


Dynamic libraries:
0x00007ff72b550000 - 0x00007ff72b55d000 	C:\Users\Admin\.jdks\corretto-19.0.2\bin\java.exe
0x00007ffe75070000 - 0x00007ffe75265000 	C:\Windows\SYSTEM32\ntdll.dll
0x00007ffe74e60000 - 0x00007ffe74f1e000 	C:\Windows\System32\KERNEL32.DLL
0x00007ffe72860000 - 0x00007ffe72b28000 	C:\Windows\System32\KERNELBASE.dll
0x00007ffe72e20000 - 0x00007ffe72f20000 	C:\Windows\System32\ucrtbase.dll
0x00007ffe5f430000 - 0x00007ffe5f445000 	C:\Users\Admin\.jdks\corretto-19.0.2\bin\VCRUNTIME140.dll
0x00007ffe5f150000 - 0x00007ffe5f167000 	C:\Users\Admin\.jdks\corretto-19.0.2\bin\jli.dll
0x00007ffe747c0000 - 0x00007ffe74960000 	C:\Windows\System32\USER32.dll
0x00007ffe57cc0000 - 0x00007ffe57f5a000 	C:\Windows\WinSxS\amd64_microsoft.windows.common-controls_6595b64144ccf1df_6.0.19041.1110_none_60b5254171f9507e\COMCTL32.dll
0x00007ffe72df0000 - 0x00007ffe72e12000 	C:\Windows\System32\win32u.dll
0x00007ffe73a30000 - 0x00007ffe73ace000 	C:\Windows\System32\msvcrt.dll
0x00007ffe744e0000 - 0x00007ffe7450b000 	C:\Windows\System32\GDI32.dll
0x00007ffe72b30000 - 0x00007ffe72c3d000 	C:\Windows\System32\gdi32full.dll
0x00007ffe73020000 - 0x00007ffe730bd000 	C:\Windows\System32\msvcp_win.dll
0x00007ffe74790000 - 0x00007ffe747c0000 	C:\Windows\System32\IMM32.DLL
0x00007ffe504a0000 - 0x00007ffe5053b000 	C:\Users\Admin\.jdks\corretto-19.0.2\bin\msvcp140.dll
0x00007ffe17230000 - 0x00007ffe17f09000 	C:\Users\Admin\.jdks\corretto-19.0.2\bin\server\jvm.dll
0x00007ffe74f80000 - 0x00007ffe7502e000 	C:\Windows\System32\ADVAPI32.dll
0x00007ffe746f0000 - 0x00007ffe7478c000 	C:\Windows\System32\sechost.dll
0x00007ffe745c0000 - 0x00007ffe746e5000 	C:\Windows\System32\RPCRT4.dll
0x00007ffe4acd0000 - 0x00007ffe4acd9000 	C:\Windows\SYSTEM32\WSOCK32.dll
0x00007ffe51c90000 - 0x00007ffe51cb7000 	C:\Windows\SYSTEM32\WINMM.dll
0x00007ffe67ad0000 - 0x00007ffe67ada000 	C:\Windows\SYSTEM32\VERSION.dll
0x00007ffe74df0000 - 0x00007ffe74e5b000 	C:\Windows\System32\WS2_32.dll
0x00007ffe70fc0000 - 0x00007ffe70fd2000 	C:\Windows\SYSTEM32\kernel.appcore.dll
0x00007ffe65a60000 - 0x00007ffe65a6a000 	C:\Users\Admin\.jdks\corretto-19.0.2\bin\jimage.dll
0x00007ffe703c0000 - 0x00007ffe705a4000 	C:\Windows\SYSTEM32\DBGHELP.DLL
0x00007ffe64720000 - 0x00007ffe6474c000 	C:\Windows\SYSTEM32\dbgcore.DLL
0x00007ffe72f20000 - 0x00007ffe72fa2000 	C:\Windows\System32\bcryptPrimitives.dll
0x00007ffe58c20000 - 0x00007ffe58c46000 	C:\Users\Admin\.jdks\corretto-19.0.2\bin\java.dll
0x00007ffe488a0000 - 0x00007ffe48976000 	C:\Users\Admin\.jdks\corretto-19.0.2\bin\jsvml.dll
0x00007ffe730c0000 - 0x00007ffe73804000 	C:\Windows\System32\SHELL32.dll
0x00007ffe70810000 - 0x00007ffe70fa4000 	C:\Windows\SYSTEM32\windows.storage.dll
0x00007ffe74a80000 - 0x00007ffe74dd5000 	C:\Windows\System32\combase.dll
0x00007ffe720f0000 - 0x00007ffe7211e000 	C:\Windows\SYSTEM32\Wldp.dll
0x00007ffe73b60000 - 0x00007ffe73c0d000 	C:\Windows\System32\SHCORE.dll
0x00007ffe73dc0000 - 0x00007ffe73e15000 	C:\Windows\System32\shlwapi.dll
0x00007ffe726c0000 - 0x00007ffe726df000 	C:\Windows\SYSTEM32\profapi.dll
0x00007ffe5c4e0000 - 0x00007ffe5c4f3000 	C:\Users\Admin\.jdks\corretto-19.0.2\bin\net.dll
0x00007ffe6a930000 - 0x00007ffe6aa3c000 	C:\Windows\SYSTEM32\WINHTTP.dll
0x00007ffe71ed0000 - 0x00007ffe71f3a000 	C:\Windows\system32\mswsock.dll
0x00007ffe5ac30000 - 0x00007ffe5ac45000 	C:\Users\Admin\.jdks\corretto-19.0.2\bin\nio.dll
0x00007ffe55140000 - 0x00007ffe55158000 	C:\Users\Admin\.jdks\corretto-19.0.2\bin\zip.dll
0x00007ffe5f220000 - 0x00007ffe5f230000 	C:\Users\Admin\.jdks\corretto-19.0.2\bin\verify.dll
0x00007ffe54a10000 - 0x00007ffe54a37000 	C:\Users\Admin\.gradle\native\68d5fa5c4cc2d200863cafc0d521ce42e7d3e7ee720ec0a83991735586a16f82\windows-amd64\native-platform.dll
0x00007ffe42270000 - 0x00007ffe423b4000 	C:\Users\Admin\.gradle\native\e376f236ea51e6404a007f0833ffe2c6e607c4080706a723a18a27aeea778392\windows-amd64\native-platform-file-events.dll
0x00007ffe695b0000 - 0x00007ffe695b9000 	C:\Users\Admin\.jdks\corretto-19.0.2\bin\management.dll
0x00007ffe695a0000 - 0x00007ffe695ab000 	C:\Users\Admin\.jdks\corretto-19.0.2\bin\management_ext.dll
0x00007ffe74de0000 - 0x00007ffe74de8000 	C:\Windows\System32\PSAPI.DLL
0x00007ffe72130000 - 0x00007ffe72148000 	C:\Windows\SYSTEM32\CRYPTSP.dll
0x00007ffe71800000 - 0x00007ffe71834000 	C:\Windows\system32\rsaenh.dll
0x00007ffe72830000 - 0x00007ffe72857000 	C:\Windows\System32\bcrypt.dll
0x00007ffe72640000 - 0x00007ffe7266e000 	C:\Windows\SYSTEM32\USERENV.dll
0x00007ffe72060000 - 0x00007ffe7206c000 	C:\Windows\SYSTEM32\CRYPTBASE.dll
0x00007ffe71b90000 - 0x00007ffe71bcb000 	C:\Windows\SYSTEM32\IPHLPAPI.DLL
0x00007ffe739c0000 - 0x00007ffe739c8000 	C:\Windows\System32\NSI.dll
0x00007ffe696a0000 - 0x00007ffe696b7000 	C:\Windows\SYSTEM32\dhcpcsvc6.DLL
0x00007ffe69680000 - 0x00007ffe6969d000 	C:\Windows\SYSTEM32\dhcpcsvc.DLL
0x00007ffe71be0000 - 0x00007ffe71cab000 	C:\Windows\SYSTEM32\DNSAPI.dll
0x00007ffe64ab0000 - 0x00007ffe64ab8000 	C:\Users\Admin\.jdks\corretto-19.0.2\bin\extnet.dll
0x00007ffe5ead0000 - 0x00007ffe5eade000 	C:\Users\Admin\.jdks\corretto-19.0.2\bin\sunmscapi.dll
0x00007ffe72c40000 - 0x00007ffe72d96000 	C:\Windows\System32\CRYPT32.dll
0x00007ffe72240000 - 0x00007ffe72267000 	C:\Windows\SYSTEM32\ncrypt.dll
0x00007ffe72200000 - 0x00007ffe7223b000 	C:\Windows\SYSTEM32\NTASN1.dll
0x00007ffe5c070000 - 0x00007ffe5c077000 	C:\Windows\system32\wshunix.dll

dbghelp: loaded successfully - version: 4.0.5 - missing functions: none
symbol engine: initialized successfully - sym options: 0x614 - pdb path: .;C:\Users\Admin\.jdks\corretto-19.0.2\bin;C:\Windows\SYSTEM32;C:\Windows\WinSxS\amd64_microsoft.windows.common-controls_6595b64144ccf1df_6.0.19041.1110_none_60b5254171f9507e;C:\Users\Admin\.jdks\corretto-19.0.2\bin\server;C:\Users\Admin\.gradle\native\68d5fa5c4cc2d200863cafc0d521ce42e7d3e7ee720ec0a83991735586a16f82\windows-amd64;C:\Users\Admin\.gradle\native\e376f236ea51e6404a007f0833ffe2c6e607c4080706a723a18a27aeea778392\windows-amd64

VM Arguments:
jvm_args: --add-opens=java.base/java.util=ALL-UNNAMED --add-opens=java.base/java.lang=ALL-UNNAMED --add-opens=java.base/java.lang.invoke=ALL-UNNAMED --add-opens=java.prefs/java.util.prefs=ALL-UNNAMED --add-opens=java.base/java.nio.charset=ALL-UNNAMED --add-opens=java.base/java.net=ALL-UNNAMED --add-opens=java.base/java.util.concurrent.atomic=ALL-UNNAMED -XX:MaxMetaspaceSize=384m -XX:+HeapDumpOnOutOfMemoryError -Xms256m -Xmx512m -Dfile.encoding=windows-1252 -Duser.country=US -Duser.language=en -Duser.variant 
java_command: org.gradle.launcher.daemon.bootstrap.GradleDaemon 8.0.2
java_class_path (initial): C:\Users\Admin\.gradle\wrapper\dists\gradle-8.0.2-bin\25jlreiuz6u3xu2phlpa2vv4m\gradle-8.0.2\lib\gradle-launcher-8.0.2.jar
Launcher Type: SUN_STANDARD

[Global flags]
     intx CICompilerCount                          = 4                                         {product} {ergonomic}
   size_t CompressedClassSpaceSize                 = 322961408                                 {product} {ergonomic}
     uint ConcGCThreads                            = 2                                         {product} {ergonomic}
     uint G1ConcRefinementThreads                  = 8                                         {product} {ergonomic}
   size_t G1HeapRegionSize                         = 1048576                                   {product} {ergonomic}
    uintx GCDrainStackTargetSize                   = 64                                        {product} {ergonomic}
     bool HeapDumpOnOutOfMemoryError               = true                                   {manageable} {command line}
   size_t InitialHeapSize                          = 268435456                                 {product} {command line}
   size_t MarkStackSize                            = 4194304                                   {product} {ergonomic}
   size_t MaxHeapSize                              = 536870912                                 {product} {command line}
   size_t MaxMetaspaceSize                         = 402653184                                 {product} {command line}
   size_t MaxNewSize                               = 321912832                                 {product} {ergonomic}
   size_t MinHeapDeltaBytes                        = 1048576                                   {product} {ergonomic}
   size_t MinHeapSize                              = 268435456                                 {product} {command line}
    uintx NonNMethodCodeHeapSize                   = 5839372                                {pd product} {ergonomic}
    uintx NonProfiledCodeHeapSize                  = 122909434                              {pd product} {ergonomic}
    uintx ProfiledCodeHeapSize                     = 122909434                              {pd product} {ergonomic}
    uintx ReservedCodeCacheSize                    = 251658240                              {pd product} {ergonomic}
     bool SegmentedCodeCache                       = true                                      {product} {ergonomic}
   size_t SoftMaxHeapSize                          = 536870912                              {manageable} {ergonomic}
     bool UseCompressedClassPointers               = true                           {product lp64_product} {ergonomic}
     bool UseCompressedOops                        = true                           {product lp64_product} {ergonomic}
     bool UseG1GC                                  = true                                      {product} {ergonomic}
     bool UseLargePagesIndividualAllocation        = false                                  {pd product} {ergonomic}

Logging:
Log output configuration:
 #0: stdout all=warning uptime,level,tags foldmultilines=false
 #1: stderr all=off uptime,level,tags foldmultilines=false

Environment Variables:
JAVA_HOME=C:\Program Files\Java\jdk-17
PATH=C:\Program Files\Common Files\Oracle\Java\javapath;C:\Windows\system32;C:\Windows;C:\Windows\System32\Wbem;C:\Windows\System32\WindowsPowerShell\v1.0\;C:\Windows\System32\OpenSSH\;C:\Program Files\Git\cmd;C:\Program Files\MySQL\MySQL Server 8.0\bin;;C:\Program Files\Docker\Docker\resources\bin;C:\Program Files\dotnet\;C:\Users\Admin\AppData\Local\Microsoft\WindowsApps;C:\Users\Admin\AppData\Local\Programs\Microsoft VS Code\bin;D:\MYSQL\bin;
USERNAME=Admin
OS=Windows_NT
PROCESSOR_IDENTIFIER=Intel64 Family 6 Model 165 Stepping 2, GenuineIntel
TMP=C:\Users\Admin\AppData\Local\Temp
TEMP=C:\Users\Admin\AppData\Local\Temp



---------------  S Y S T E M  ---------------

OS:
 Windows 10 , 64 bit Build 19041 (10.0.19041.1503)
OS uptime: 0 days 1:17 hours
Hyper-V role detected

CPU: total 8 (initial active 8) (4 cores per cpu, 2 threads per core) family 6 model 165 stepping 2 microcode 0xc8, cx8, cmov, fxsr, ht, mmx, 3dnowpref, sse, sse2, sse3, ssse3, sse4.1, sse4.2, popcnt, lzcnt, tsc, tscinvbit, avx, avx2, aes, erms, clmul, bmi1, bmi2, adx, fma, vzeroupper, clflush, clflushopt, hv, rdtscp

Memory: 4k page, system-wide physical 7979M (393M free)
TotalPageFile size 13099M (AvailPageFile size 5M)
current process WorkingSet (physical memory assigned to process): 182M, peak: 182M
current process commit charge ("private bytes"): 418M, peak: 420M

vm_info: OpenJDK 64-Bit Server VM (19.0.2+7-FR) for windows-amd64 JRE (19.0.2+7-FR), built on Jan 13 2023 22:53:32 by "Administrator" with MS VC++ 15.9 (VS2017)

END.
